0 info it worked if it ends with ok
1 verbose cli [ '/usr/bin/nodejs', '/usr/bin/npm', 'install', 'mocha' ]
2 info using npm@3.5.2
3 info using node@v4.2.6
4 silly loadCurrentTree Starting
5 silly install loadCurrentTree
6 silly install readLocalPackageData
7 silly fetchPackageMetaData mocha
8 silly fetchNamedPackageData mocha
9 silly mapToRegistry name mocha
10 silly mapToRegistry using default registry
11 silly mapToRegistry registry https://registry.npmjs.org/
12 silly mapToRegistry uri https://registry.npmjs.org/mocha
13 verbose request uri https://registry.npmjs.org/mocha
14 verbose request no auth needed
15 info attempt registry request try #1 at 8:47:26 AM
16 verbose request id 8de94540e114aa70
17 verbose etag "AAA3RJO0KVBZGZRYVSZL59DVA"
18 http request GET https://registry.npmjs.org/mocha
19 http 304 https://registry.npmjs.org/mocha
20 verbose headers { date: 'Tue, 20 Sep 2016 06:47:26 GMT',
20 verbose headers   via: '1.1 varnish',
20 verbose headers   'cache-control': 'max-age=300',
20 verbose headers   etag: '"AAA3RJO0KVBZGZRYVSZL59DVA"',
20 verbose headers   age: '194',
20 verbose headers   connection: 'keep-alive',
20 verbose headers   'x-served-by': 'cache-ams4432-AMS',
20 verbose headers   'x-cache': 'HIT',
20 verbose headers   'x-cache-hits': '1',
20 verbose headers   'x-timer': 'S1474354046.950244,VS0,VE0',
20 verbose headers   vary: 'Accept-Encoding' }
21 silly get cb [ 304,
21 silly get   { date: 'Tue, 20 Sep 2016 06:47:26 GMT',
21 silly get     via: '1.1 varnish',
21 silly get     'cache-control': 'max-age=300',
21 silly get     etag: '"AAA3RJO0KVBZGZRYVSZL59DVA"',
21 silly get     age: '194',
21 silly get     connection: 'keep-alive',
21 silly get     'x-served-by': 'cache-ams4432-AMS',
21 silly get     'x-cache': 'HIT',
21 silly get     'x-cache-hits': '1',
21 silly get     'x-timer': 'S1474354046.950244,VS0,VE0',
21 silly get     vary: 'Accept-Encoding' } ]
22 verbose etag https://registry.npmjs.org/mocha from cache
23 verbose get saving mocha to /home/likhona/.npm/registry.npmjs.org/mocha/.cache.json
24 silly install normalizeTree
25 silly loadCurrentTree Finishing
26 silly loadIdealTree Starting
27 silly install loadIdealTree
28 silly cloneCurrentTree Starting
29 silly install cloneCurrentTreeToIdealTree
30 silly cloneCurrentTree Finishing
31 silly loadShrinkwrap Starting
32 silly install loadShrinkwrap
33 silly loadShrinkwrap Finishing
34 silly loadAllDepsIntoIdealTree Starting
35 silly install loadAllDepsIntoIdealTree
36 silly resolveWithNewModule mocha@3.0.2 checking installable status
37 silly cache add args [ 'mocha', null ]
38 verbose cache add spec mocha
39 silly cache add parsed spec Result {
39 silly cache add   raw: 'mocha',
39 silly cache add   scope: null,
39 silly cache add   name: 'mocha',
39 silly cache add   rawSpec: '',
39 silly cache add   spec: 'latest',
39 silly cache add   type: 'tag' }
40 silly addNamed mocha@latest
41 verbose addNamed "latest" is being treated as a dist-tag for mocha
42 info addNameTag [ 'mocha', 'latest' ]
43 silly mapToRegistry name mocha
44 silly mapToRegistry using default registry
45 silly mapToRegistry registry https://registry.npmjs.org/
46 silly mapToRegistry uri https://registry.npmjs.org/mocha
47 verbose addNameTag registry:https://registry.npmjs.org/mocha not in flight; fetching
48 verbose get https://registry.npmjs.org/mocha not expired, no request
49 silly addNameTag next cb for mocha with tag latest
50 silly addNamed mocha@3.0.2
51 verbose addNamed "3.0.2" is a plain semver version for mocha
52 silly cache afterAdd mocha@3.0.2
53 verbose afterAdd /home/likhona/.npm/mocha/3.0.2/package/package.json not in flight; writing
54 verbose afterAdd /home/likhona/.npm/mocha/3.0.2/package/package.json written
55 silly fetchNamedPackageData browser-stdout
56 silly mapToRegistry name browser-stdout
57 silly mapToRegistry using default registry
58 silly mapToRegistry registry https://registry.npmjs.org/
59 silly mapToRegistry uri https://registry.npmjs.org/browser-stdout
60 silly fetchNamedPackageData commander
61 silly mapToRegistry name commander
62 silly mapToRegistry using default registry
63 silly mapToRegistry registry https://registry.npmjs.org/
64 silly mapToRegistry uri https://registry.npmjs.org/commander
65 silly fetchNamedPackageData diff
66 silly mapToRegistry name diff
67 silly mapToRegistry using default registry
68 silly mapToRegistry registry https://registry.npmjs.org/
69 silly mapToRegistry uri https://registry.npmjs.org/diff
70 silly fetchNamedPackageData glob
71 silly mapToRegistry name glob
72 silly mapToRegistry using default registry
73 silly mapToRegistry registry https://registry.npmjs.org/
74 silly mapToRegistry uri https://registry.npmjs.org/glob
75 silly fetchNamedPackageData growl
76 silly mapToRegistry name growl
77 silly mapToRegistry using default registry
78 silly mapToRegistry registry https://registry.npmjs.org/
79 silly mapToRegistry uri https://registry.npmjs.org/growl
80 silly fetchNamedPackageData json3
81 silly mapToRegistry name json3
82 silly mapToRegistry using default registry
83 silly mapToRegistry registry https://registry.npmjs.org/
84 silly mapToRegistry uri https://registry.npmjs.org/json3
85 silly fetchNamedPackageData lodash.create
86 silly mapToRegistry name lodash.create
87 silly mapToRegistry using default registry
88 silly mapToRegistry registry https://registry.npmjs.org/
89 silly mapToRegistry uri https://registry.npmjs.org/lodash.create
90 silly fetchNamedPackageData supports-color
91 silly mapToRegistry name supports-color
92 silly mapToRegistry using default registry
93 silly mapToRegistry registry https://registry.npmjs.org/
94 silly mapToRegistry uri https://registry.npmjs.org/supports-color
95 verbose request uri https://registry.npmjs.org/browser-stdout
96 verbose request no auth needed
97 info attempt registry request try #1 at 8:47:27 AM
98 verbose etag "C00LHCA3AD18T1NH7V5M0KVDT"
99 http request GET https://registry.npmjs.org/browser-stdout
100 verbose request uri https://registry.npmjs.org/commander
101 verbose request no auth needed
102 info attempt registry request try #1 at 8:47:27 AM
103 verbose etag "CHQG9XN3ZORC9P2MDFKLC81HL"
104 http request GET https://registry.npmjs.org/commander
105 verbose request uri https://registry.npmjs.org/diff
106 verbose request no auth needed
107 info attempt registry request try #1 at 8:47:27 AM
108 verbose etag "F5LX968B48WEAA7A70Z5O5LH4"
109 http request GET https://registry.npmjs.org/diff
110 verbose request uri https://registry.npmjs.org/glob
111 verbose request no auth needed
112 info attempt registry request try #1 at 8:47:27 AM
113 verbose etag "23QHK7E1ABSPUZ8LNJR0L388G"
114 http request GET https://registry.npmjs.org/glob
115 verbose request uri https://registry.npmjs.org/growl
116 verbose request no auth needed
117 info attempt registry request try #1 at 8:47:27 AM
118 verbose etag "DHHCDU43K74LDSVXV29LRRLY"
119 http request GET https://registry.npmjs.org/growl
120 verbose request uri https://registry.npmjs.org/json3
121 verbose request no auth needed
122 info attempt registry request try #1 at 8:47:27 AM
123 verbose etag "BQROE87WE3QLRC5K7P4H15U0G"
124 http request GET https://registry.npmjs.org/json3
125 verbose request uri https://registry.npmjs.org/lodash.create
126 verbose request no auth needed
127 info attempt registry request try #1 at 8:47:27 AM
128 verbose etag "716ERGG0IFP9BR9WT2H3V5IWD"
129 http request GET https://registry.npmjs.org/lodash.create
130 verbose request uri https://registry.npmjs.org/supports-color
131 verbose request no auth needed
132 info attempt registry request try #1 at 8:47:27 AM
133 verbose etag "87VJAKWYUF4A2G4LCQKH55FZE"
134 http request GET https://registry.npmjs.org/supports-color
135 http 304 https://registry.npmjs.org/glob
136 verbose headers { date: 'Tue, 20 Sep 2016 06:47:28 GMT',
136 verbose headers   via: '1.1 varnish',
136 verbose headers   'cache-control': 'max-age=300',
136 verbose headers   etag: '"23QHK7E1ABSPUZ8LNJR0L388G"',
136 verbose headers   age: '120',
136 verbose headers   connection: 'keep-alive',
136 verbose headers   'x-served-by': 'cache-ams4122-AMS',
136 verbose headers   'x-cache': 'HIT',
136 verbose headers   'x-cache-hits': '3',
136 verbose headers   'x-timer': 'S1474354048.146653,VS0,VE0',
136 verbose headers   vary: 'Accept-Encoding' }
137 silly get cb [ 304,
137 silly get   { date: 'Tue, 20 Sep 2016 06:47:28 GMT',
137 silly get     via: '1.1 varnish',
137 silly get     'cache-control': 'max-age=300',
137 silly get     etag: '"23QHK7E1ABSPUZ8LNJR0L388G"',
137 silly get     age: '120',
137 silly get     connection: 'keep-alive',
137 silly get     'x-served-by': 'cache-ams4122-AMS',
137 silly get     'x-cache': 'HIT',
137 silly get     'x-cache-hits': '3',
137 silly get     'x-timer': 'S1474354048.146653,VS0,VE0',
137 silly get     vary: 'Accept-Encoding' } ]
138 verbose etag https://registry.npmjs.org/glob from cache
139 verbose get saving glob to /home/likhona/.npm/registry.npmjs.org/glob/.cache.json
140 http 304 https://registry.npmjs.org/commander
141 verbose headers { date: 'Tue, 20 Sep 2016 06:47:28 GMT',
141 verbose headers   via: '1.1 varnish',
141 verbose headers   'cache-control': 'max-age=300',
141 verbose headers   etag: '"CHQG9XN3ZORC9P2MDFKLC81HL"',
141 verbose headers   age: '128',
141 verbose headers   connection: 'keep-alive',
141 verbose headers   'x-served-by': 'cache-ams4129-AMS',
141 verbose headers   'x-cache': 'HIT',
141 verbose headers   'x-cache-hits': '4',
141 verbose headers   'x-timer': 'S1474354048.143826,VS0,VE0',
141 verbose headers   vary: 'Accept-Encoding' }
142 silly get cb [ 304,
142 silly get   { date: 'Tue, 20 Sep 2016 06:47:28 GMT',
142 silly get     via: '1.1 varnish',
142 silly get     'cache-control': 'max-age=300',
142 silly get     etag: '"CHQG9XN3ZORC9P2MDFKLC81HL"',
142 silly get     age: '128',
142 silly get     connection: 'keep-alive',
142 silly get     'x-served-by': 'cache-ams4129-AMS',
142 silly get     'x-cache': 'HIT',
142 silly get     'x-cache-hits': '4',
142 silly get     'x-timer': 'S1474354048.143826,VS0,VE0',
142 silly get     vary: 'Accept-Encoding' } ]
143 verbose etag https://registry.npmjs.org/commander from cache
144 verbose get saving commander to /home/likhona/.npm/registry.npmjs.org/commander/.cache.json
145 http 304 https://registry.npmjs.org/diff
146 verbose headers { date: 'Tue, 20 Sep 2016 06:47:28 GMT',
146 verbose headers   via: '1.1 varnish',
146 verbose headers   'cache-control': 'max-age=300',
146 verbose headers   etag: '"F5LX968B48WEAA7A70Z5O5LH4"',
146 verbose headers   age: '207',
146 verbose headers   connection: 'keep-alive',
146 verbose headers   'x-served-by': 'cache-ams4121-AMS',
146 verbose headers   'x-cache': 'HIT',
146 verbose headers   'x-cache-hits': '2',
146 verbose headers   'x-timer': 'S1474354048.147673,VS0,VE0',
146 verbose headers   vary: 'Accept-Encoding' }
147 silly get cb [ 304,
147 silly get   { date: 'Tue, 20 Sep 2016 06:47:28 GMT',
147 silly get     via: '1.1 varnish',
147 silly get     'cache-control': 'max-age=300',
147 silly get     etag: '"F5LX968B48WEAA7A70Z5O5LH4"',
147 silly get     age: '207',
147 silly get     connection: 'keep-alive',
147 silly get     'x-served-by': 'cache-ams4121-AMS',
147 silly get     'x-cache': 'HIT',
147 silly get     'x-cache-hits': '2',
147 silly get     'x-timer': 'S1474354048.147673,VS0,VE0',
147 silly get     vary: 'Accept-Encoding' } ]
148 verbose etag https://registry.npmjs.org/diff from cache
149 verbose get saving diff to /home/likhona/.npm/registry.npmjs.org/diff/.cache.json
150 silly resolveWithNewModule glob@7.0.5 checking installable status
151 silly cache add args [ 'glob@7.0.5', null ]
152 verbose cache add spec glob@7.0.5
153 silly cache add parsed spec Result {
153 silly cache add   raw: 'glob@7.0.5',
153 silly cache add   scope: null,
153 silly cache add   name: 'glob',
153 silly cache add   rawSpec: '7.0.5',
153 silly cache add   spec: '7.0.5',
153 silly cache add   type: 'version' }
154 silly addNamed glob@7.0.5
155 verbose addNamed "7.0.5" is a plain semver version for glob
156 silly mapToRegistry name glob
157 silly mapToRegistry using default registry
158 silly mapToRegistry registry https://registry.npmjs.org/
159 silly mapToRegistry uri https://registry.npmjs.org/glob
160 verbose addNameVersion registry:https://registry.npmjs.org/glob not in flight; fetching
161 silly resolveWithNewModule commander@2.9.0 checking installable status
162 silly cache add args [ 'commander@2.9.0', null ]
163 verbose cache add spec commander@2.9.0
164 silly cache add parsed spec Result {
164 silly cache add   raw: 'commander@2.9.0',
164 silly cache add   scope: null,
164 silly cache add   name: 'commander',
164 silly cache add   rawSpec: '2.9.0',
164 silly cache add   spec: '2.9.0',
164 silly cache add   type: 'version' }
165 silly addNamed commander@2.9.0
166 verbose addNamed "2.9.0" is a plain semver version for commander
167 silly mapToRegistry name commander
168 silly mapToRegistry using default registry
169 silly mapToRegistry registry https://registry.npmjs.org/
170 silly mapToRegistry uri https://registry.npmjs.org/commander
171 verbose addNameVersion registry:https://registry.npmjs.org/commander not in flight; fetching
172 silly resolveWithNewModule diff@1.4.0 checking installable status
173 silly cache add args [ 'diff@1.4.0', null ]
174 verbose cache add spec diff@1.4.0
175 silly cache add parsed spec Result {
175 silly cache add   raw: 'diff@1.4.0',
175 silly cache add   scope: null,
175 silly cache add   name: 'diff',
175 silly cache add   rawSpec: '1.4.0',
175 silly cache add   spec: '1.4.0',
175 silly cache add   type: 'version' }
176 silly addNamed diff@1.4.0
177 verbose addNamed "1.4.0" is a plain semver version for diff
178 silly mapToRegistry name diff
179 silly mapToRegistry using default registry
180 silly mapToRegistry registry https://registry.npmjs.org/
181 silly mapToRegistry uri https://registry.npmjs.org/diff
182 verbose addNameVersion registry:https://registry.npmjs.org/diff not in flight; fetching
183 verbose get https://registry.npmjs.org/glob not expired, no request
184 verbose get https://registry.npmjs.org/commander not expired, no request
185 verbose get https://registry.npmjs.org/diff not expired, no request
186 silly cache afterAdd glob@7.0.5
187 verbose afterAdd /home/likhona/.npm/glob/7.0.5/package/package.json not in flight; writing
188 silly cache afterAdd commander@2.9.0
189 verbose afterAdd /home/likhona/.npm/commander/2.9.0/package/package.json not in flight; writing
190 silly cache afterAdd diff@1.4.0
191 verbose afterAdd /home/likhona/.npm/diff/1.4.0/package/package.json not in flight; writing
192 verbose afterAdd /home/likhona/.npm/glob/7.0.5/package/package.json written
193 verbose afterAdd /home/likhona/.npm/commander/2.9.0/package/package.json written
194 verbose afterAdd /home/likhona/.npm/diff/1.4.0/package/package.json written
195 http 304 https://registry.npmjs.org/json3
196 verbose headers { date: 'Tue, 20 Sep 2016 06:47:28 GMT',
196 verbose headers   via: '1.1 varnish',
196 verbose headers   'cache-control': 'max-age=300',
196 verbose headers   etag: '"BQROE87WE3QLRC5K7P4H15U0G"',
196 verbose headers   age: '223',
196 verbose headers   connection: 'keep-alive',
196 verbose headers   'x-served-by': 'cache-ams4430-AMS',
196 verbose headers   'x-cache': 'HIT',
196 verbose headers   'x-cache-hits': '2',
196 verbose headers   'x-timer': 'S1474354048.314027,VS0,VE0',
196 verbose headers   vary: 'Accept-Encoding' }
197 silly get cb [ 304,
197 silly get   { date: 'Tue, 20 Sep 2016 06:47:28 GMT',
197 silly get     via: '1.1 varnish',
197 silly get     'cache-control': 'max-age=300',
197 silly get     etag: '"BQROE87WE3QLRC5K7P4H15U0G"',
197 silly get     age: '223',
197 silly get     connection: 'keep-alive',
197 silly get     'x-served-by': 'cache-ams4430-AMS',
197 silly get     'x-cache': 'HIT',
197 silly get     'x-cache-hits': '2',
197 silly get     'x-timer': 'S1474354048.314027,VS0,VE0',
197 silly get     vary: 'Accept-Encoding' } ]
198 verbose etag https://registry.npmjs.org/json3 from cache
199 verbose get saving json3 to /home/likhona/.npm/registry.npmjs.org/json3/.cache.json
200 http 304 https://registry.npmjs.org/supports-color
201 verbose headers { date: 'Tue, 20 Sep 2016 06:47:28 GMT',
201 verbose headers   via: '1.1 varnish',
201 verbose headers   'cache-control': 'max-age=300',
201 verbose headers   etag: '"87VJAKWYUF4A2G4LCQKH55FZE"',
201 verbose headers   age: '35',
201 verbose headers   connection: 'keep-alive',
201 verbose headers   'x-served-by': 'cache-ams4421-AMS',
201 verbose headers   'x-cache': 'HIT',
201 verbose headers   'x-cache-hits': '3',
201 verbose headers   'x-timer': 'S1474354048.313076,VS0,VE0',
201 verbose headers   vary: 'Accept-Encoding' }
202 silly get cb [ 304,
202 silly get   { date: 'Tue, 20 Sep 2016 06:47:28 GMT',
202 silly get     via: '1.1 varnish',
202 silly get     'cache-control': 'max-age=300',
202 silly get     etag: '"87VJAKWYUF4A2G4LCQKH55FZE"',
202 silly get     age: '35',
202 silly get     connection: 'keep-alive',
202 silly get     'x-served-by': 'cache-ams4421-AMS',
202 silly get     'x-cache': 'HIT',
202 silly get     'x-cache-hits': '3',
202 silly get     'x-timer': 'S1474354048.313076,VS0,VE0',
202 silly get     vary: 'Accept-Encoding' } ]
203 verbose etag https://registry.npmjs.org/supports-color from cache
204 verbose get saving supports-color to /home/likhona/.npm/registry.npmjs.org/supports-color/.cache.json
205 http 304 https://registry.npmjs.org/growl
206 verbose headers { date: 'Tue, 20 Sep 2016 06:47:28 GMT',
206 verbose headers   via: '1.1 varnish',
206 verbose headers   'cache-control': 'max-age=300',
206 verbose headers   etag: '"DHHCDU43K74LDSVXV29LRRLY"',
206 verbose headers   age: '87',
206 verbose headers   connection: 'keep-alive',
206 verbose headers   'x-served-by': 'cache-ams4438-AMS',
206 verbose headers   'x-cache': 'HIT',
206 verbose headers   'x-cache-hits': '1',
206 verbose headers   'x-timer': 'S1474354048.317659,VS0,VE0',
206 verbose headers   vary: 'Accept-Encoding' }
207 silly get cb [ 304,
207 silly get   { date: 'Tue, 20 Sep 2016 06:47:28 GMT',
207 silly get     via: '1.1 varnish',
207 silly get     'cache-control': 'max-age=300',
207 silly get     etag: '"DHHCDU43K74LDSVXV29LRRLY"',
207 silly get     age: '87',
207 silly get     connection: 'keep-alive',
207 silly get     'x-served-by': 'cache-ams4438-AMS',
207 silly get     'x-cache': 'HIT',
207 silly get     'x-cache-hits': '1',
207 silly get     'x-timer': 'S1474354048.317659,VS0,VE0',
207 silly get     vary: 'Accept-Encoding' } ]
208 verbose etag https://registry.npmjs.org/growl from cache
209 verbose get saving growl to /home/likhona/.npm/registry.npmjs.org/growl/.cache.json
210 http 304 https://registry.npmjs.org/lodash.create
211 verbose headers { date: 'Tue, 20 Sep 2016 06:47:28 GMT',
211 verbose headers   via: '1.1 varnish',
211 verbose headers   'cache-control': 'max-age=300',
211 verbose headers   etag: '"716ERGG0IFP9BR9WT2H3V5IWD"',
211 verbose headers   age: '67',
211 verbose headers   connection: 'keep-alive',
211 verbose headers   'x-served-by': 'cache-ams4446-AMS',
211 verbose headers   'x-cache': 'HIT',
211 verbose headers   'x-cache-hits': '1',
211 verbose headers   'x-timer': 'S1474354048.317288,VS0,VE0',
211 verbose headers   vary: 'Accept-Encoding' }
212 silly get cb [ 304,
212 silly get   { date: 'Tue, 20 Sep 2016 06:47:28 GMT',
212 silly get     via: '1.1 varnish',
212 silly get     'cache-control': 'max-age=300',
212 silly get     etag: '"716ERGG0IFP9BR9WT2H3V5IWD"',
212 silly get     age: '67',
212 silly get     connection: 'keep-alive',
212 silly get     'x-served-by': 'cache-ams4446-AMS',
212 silly get     'x-cache': 'HIT',
212 silly get     'x-cache-hits': '1',
212 silly get     'x-timer': 'S1474354048.317288,VS0,VE0',
212 silly get     vary: 'Accept-Encoding' } ]
213 verbose etag https://registry.npmjs.org/lodash.create from cache
214 verbose get saving lodash.create to /home/likhona/.npm/registry.npmjs.org/lodash.create/.cache.json
215 silly resolveWithNewModule json3@3.3.2 checking installable status
216 silly cache add args [ 'json3@3.3.2', null ]
217 verbose cache add spec json3@3.3.2
218 silly cache add parsed spec Result {
218 silly cache add   raw: 'json3@3.3.2',
218 silly cache add   scope: null,
218 silly cache add   name: 'json3',
218 silly cache add   rawSpec: '3.3.2',
218 silly cache add   spec: '3.3.2',
218 silly cache add   type: 'version' }
219 silly addNamed json3@3.3.2
220 verbose addNamed "3.3.2" is a plain semver version for json3
221 silly mapToRegistry name json3
222 silly mapToRegistry using default registry
223 silly mapToRegistry registry https://registry.npmjs.org/
224 silly mapToRegistry uri https://registry.npmjs.org/json3
225 verbose addNameVersion registry:https://registry.npmjs.org/json3 not in flight; fetching
226 silly resolveWithNewModule supports-color@3.1.2 checking installable status
227 silly cache add args [ 'supports-color@3.1.2', null ]
228 verbose cache add spec supports-color@3.1.2
229 silly cache add parsed spec Result {
229 silly cache add   raw: 'supports-color@3.1.2',
229 silly cache add   scope: null,
229 silly cache add   name: 'supports-color',
229 silly cache add   rawSpec: '3.1.2',
229 silly cache add   spec: '3.1.2',
229 silly cache add   type: 'version' }
230 silly addNamed supports-color@3.1.2
231 verbose addNamed "3.1.2" is a plain semver version for supports-color
232 silly mapToRegistry name supports-color
233 silly mapToRegistry using default registry
234 silly mapToRegistry registry https://registry.npmjs.org/
235 silly mapToRegistry uri https://registry.npmjs.org/supports-color
236 verbose addNameVersion registry:https://registry.npmjs.org/supports-color not in flight; fetching
237 silly resolveWithNewModule growl@1.9.2 checking installable status
238 silly cache add args [ 'growl@1.9.2', null ]
239 verbose cache add spec growl@1.9.2
240 silly cache add parsed spec Result {
240 silly cache add   raw: 'growl@1.9.2',
240 silly cache add   scope: null,
240 silly cache add   name: 'growl',
240 silly cache add   rawSpec: '1.9.2',
240 silly cache add   spec: '1.9.2',
240 silly cache add   type: 'version' }
241 silly addNamed growl@1.9.2
242 verbose addNamed "1.9.2" is a plain semver version for growl
243 silly mapToRegistry name growl
244 silly mapToRegistry using default registry
245 silly mapToRegistry registry https://registry.npmjs.org/
246 silly mapToRegistry uri https://registry.npmjs.org/growl
247 verbose addNameVersion registry:https://registry.npmjs.org/growl not in flight; fetching
248 silly resolveWithNewModule lodash.create@3.1.1 checking installable status
249 silly cache add args [ 'lodash.create@3.1.1', null ]
250 verbose cache add spec lodash.create@3.1.1
251 silly cache add parsed spec Result {
251 silly cache add   raw: 'lodash.create@3.1.1',
251 silly cache add   scope: null,
251 silly cache add   name: 'lodash.create',
251 silly cache add   rawSpec: '3.1.1',
251 silly cache add   spec: '3.1.1',
251 silly cache add   type: 'version' }
252 silly addNamed lodash.create@3.1.1
253 verbose addNamed "3.1.1" is a plain semver version for lodash.create
254 silly mapToRegistry name lodash.create
255 silly mapToRegistry using default registry
256 silly mapToRegistry registry https://registry.npmjs.org/
257 silly mapToRegistry uri https://registry.npmjs.org/lodash.create
258 verbose addNameVersion registry:https://registry.npmjs.org/lodash.create not in flight; fetching
259 verbose get https://registry.npmjs.org/json3 not expired, no request
260 verbose get https://registry.npmjs.org/supports-color not expired, no request
261 verbose get https://registry.npmjs.org/growl not expired, no request
262 verbose get https://registry.npmjs.org/lodash.create not expired, no request
263 silly cache afterAdd json3@3.3.2
264 verbose afterAdd /home/likhona/.npm/json3/3.3.2/package/package.json not in flight; writing
265 silly cache afterAdd supports-color@3.1.2
266 verbose afterAdd /home/likhona/.npm/supports-color/3.1.2/package/package.json not in flight; writing
267 silly cache afterAdd growl@1.9.2
268 verbose afterAdd /home/likhona/.npm/growl/1.9.2/package/package.json not in flight; writing
269 silly cache afterAdd lodash.create@3.1.1
270 verbose afterAdd /home/likhona/.npm/lodash.create/3.1.1/package/package.json not in flight; writing
271 verbose afterAdd /home/likhona/.npm/json3/3.3.2/package/package.json written
272 verbose afterAdd /home/likhona/.npm/supports-color/3.1.2/package/package.json written
273 verbose afterAdd /home/likhona/.npm/growl/1.9.2/package/package.json written
274 verbose afterAdd /home/likhona/.npm/lodash.create/3.1.1/package/package.json written
275 http 304 https://registry.npmjs.org/browser-stdout
276 verbose headers { date: 'Tue, 20 Sep 2016 06:47:28 GMT',
276 verbose headers   via: '1.1 varnish',
276 verbose headers   'cache-control': 'max-age=300',
276 verbose headers   etag: '"C00LHCA3AD18T1NH7V5M0KVDT"',
276 verbose headers   age: '0',
276 verbose headers   connection: 'keep-alive',
276 verbose headers   'x-served-by': 'cache-ams4137-AMS',
276 verbose headers   'x-cache': 'HIT',
276 verbose headers   'x-cache-hits': '1',
276 verbose headers   'x-timer': 'S1474354048.145583,VS0,VE702',
276 verbose headers   vary: 'Accept-Encoding' }
277 silly get cb [ 304,
277 silly get   { date: 'Tue, 20 Sep 2016 06:47:28 GMT',
277 silly get     via: '1.1 varnish',
277 silly get     'cache-control': 'max-age=300',
277 silly get     etag: '"C00LHCA3AD18T1NH7V5M0KVDT"',
277 silly get     age: '0',
277 silly get     connection: 'keep-alive',
277 silly get     'x-served-by': 'cache-ams4137-AMS',
277 silly get     'x-cache': 'HIT',
277 silly get     'x-cache-hits': '1',
277 silly get     'x-timer': 'S1474354048.145583,VS0,VE702',
277 silly get     vary: 'Accept-Encoding' } ]
278 verbose etag https://registry.npmjs.org/browser-stdout from cache
279 verbose get saving browser-stdout to /home/likhona/.npm/registry.npmjs.org/browser-stdout/.cache.json
280 silly resolveWithNewModule browser-stdout@1.3.0 checking installable status
281 silly cache add args [ 'browser-stdout@1.3.0', null ]
282 verbose cache add spec browser-stdout@1.3.0
283 silly cache add parsed spec Result {
283 silly cache add   raw: 'browser-stdout@1.3.0',
283 silly cache add   scope: null,
283 silly cache add   name: 'browser-stdout',
283 silly cache add   rawSpec: '1.3.0',
283 silly cache add   spec: '1.3.0',
283 silly cache add   type: 'version' }
284 silly addNamed browser-stdout@1.3.0
285 verbose addNamed "1.3.0" is a plain semver version for browser-stdout
286 silly mapToRegistry name browser-stdout
287 silly mapToRegistry using default registry
288 silly mapToRegistry registry https://registry.npmjs.org/
289 silly mapToRegistry uri https://registry.npmjs.org/browser-stdout
290 verbose addNameVersion registry:https://registry.npmjs.org/browser-stdout not in flight; fetching
291 verbose get https://registry.npmjs.org/browser-stdout not expired, no request
292 silly cache afterAdd browser-stdout@1.3.0
293 verbose afterAdd /home/likhona/.npm/browser-stdout/1.3.0/package/package.json not in flight; writing
294 verbose afterAdd /home/likhona/.npm/browser-stdout/1.3.0/package/package.json written
295 silly fetchNamedPackageData graceful-readlink
296 silly mapToRegistry name graceful-readlink
297 silly mapToRegistry using default registry
298 silly mapToRegistry registry https://registry.npmjs.org/
299 silly mapToRegistry uri https://registry.npmjs.org/graceful-readlink
300 verbose request uri https://registry.npmjs.org/graceful-readlink
301 verbose request no auth needed
302 info attempt registry request try #1 at 8:47:28 AM
303 verbose etag "4Y89F8JDJP0YPHGBB0IMVMPJA"
304 http request GET https://registry.npmjs.org/graceful-readlink
305 http 304 https://registry.npmjs.org/graceful-readlink
306 verbose headers { date: 'Tue, 20 Sep 2016 06:47:29 GMT',
306 verbose headers   via: '1.1 varnish',
306 verbose headers   'cache-control': 'max-age=300',
306 verbose headers   etag: '"4Y89F8JDJP0YPHGBB0IMVMPJA"',
306 verbose headers   age: '264',
306 verbose headers   connection: 'keep-alive',
306 verbose headers   'x-served-by': 'cache-ams4137-AMS',
306 verbose headers   'x-cache': 'HIT',
306 verbose headers   'x-cache-hits': '7',
306 verbose headers   'x-timer': 'S1474354049.356105,VS0,VE0',
306 verbose headers   vary: 'Accept-Encoding' }
307 silly get cb [ 304,
307 silly get   { date: 'Tue, 20 Sep 2016 06:47:29 GMT',
307 silly get     via: '1.1 varnish',
307 silly get     'cache-control': 'max-age=300',
307 silly get     etag: '"4Y89F8JDJP0YPHGBB0IMVMPJA"',
307 silly get     age: '264',
307 silly get     connection: 'keep-alive',
307 silly get     'x-served-by': 'cache-ams4137-AMS',
307 silly get     'x-cache': 'HIT',
307 silly get     'x-cache-hits': '7',
307 silly get     'x-timer': 'S1474354049.356105,VS0,VE0',
307 silly get     vary: 'Accept-Encoding' } ]
308 verbose etag https://registry.npmjs.org/graceful-readlink from cache
309 verbose get saving graceful-readlink to /home/likhona/.npm/registry.npmjs.org/graceful-readlink/.cache.json
310 silly resolveWithNewModule graceful-readlink@1.0.1 checking installable status
311 silly cache add args [ 'graceful-readlink@>= 1.0.0', null ]
312 verbose cache add spec graceful-readlink@>= 1.0.0
313 silly cache add parsed spec Result {
313 silly cache add   raw: 'graceful-readlink@>= 1.0.0',
313 silly cache add   scope: null,
313 silly cache add   name: 'graceful-readlink',
313 silly cache add   rawSpec: '>= 1.0.0',
313 silly cache add   spec: '>=1.0.0',
313 silly cache add   type: 'range' }
314 silly addNamed graceful-readlink@>=1.0.0
315 verbose addNamed ">=1.0.0" is a valid semver range for graceful-readlink
316 silly addNameRange { name: 'graceful-readlink', range: '>=1.0.0', hasData: false }
317 silly mapToRegistry name graceful-readlink
318 silly mapToRegistry using default registry
319 silly mapToRegistry registry https://registry.npmjs.org/
320 silly mapToRegistry uri https://registry.npmjs.org/graceful-readlink
321 verbose addNameRange registry:https://registry.npmjs.org/graceful-readlink not in flight; fetching
322 verbose get https://registry.npmjs.org/graceful-readlink not expired, no request
323 silly addNameRange number 2 { name: 'graceful-readlink', range: '>=1.0.0', hasData: true }
324 silly addNameRange versions [ 'graceful-readlink', [ '1.0.0', '1.0.1' ] ]
325 silly addNamed graceful-readlink@1.0.1
326 verbose addNamed "1.0.1" is a plain semver version for graceful-readlink
327 silly cache afterAdd graceful-readlink@1.0.1
328 verbose afterAdd /home/likhona/.npm/graceful-readlink/1.0.1/package/package.json not in flight; writing
329 verbose afterAdd /home/likhona/.npm/graceful-readlink/1.0.1/package/package.json written
330 silly fetchNamedPackageData lodash._basecreate
331 silly mapToRegistry name lodash._basecreate
332 silly mapToRegistry using default registry
333 silly mapToRegistry registry https://registry.npmjs.org/
334 silly mapToRegistry uri https://registry.npmjs.org/lodash._basecreate
335 verbose request uri https://registry.npmjs.org/lodash._basecreate
336 verbose request no auth needed
337 info attempt registry request try #1 at 8:47:29 AM
338 verbose etag "B457XAF7MR8U9HTZM9IWYWSO4"
339 http request GET https://registry.npmjs.org/lodash._basecreate
340 http 304 https://registry.npmjs.org/lodash._basecreate
341 verbose headers { date: 'Tue, 20 Sep 2016 06:47:29 GMT',
341 verbose headers   via: '1.1 varnish',
341 verbose headers   'cache-control': 'max-age=300',
341 verbose headers   etag: '"B457XAF7MR8U9HTZM9IWYWSO4"',
341 verbose headers   age: '70',
341 verbose headers   connection: 'keep-alive',
341 verbose headers   'x-served-by': 'cache-ams4125-AMS',
341 verbose headers   'x-cache': 'HIT',
341 verbose headers   'x-cache-hits': '1',
341 verbose headers   'x-timer': 'S1474354049.886156,VS0,VE0',
341 verbose headers   vary: 'Accept-Encoding' }
342 silly get cb [ 304,
342 silly get   { date: 'Tue, 20 Sep 2016 06:47:29 GMT',
342 silly get     via: '1.1 varnish',
342 silly get     'cache-control': 'max-age=300',
342 silly get     etag: '"B457XAF7MR8U9HTZM9IWYWSO4"',
342 silly get     age: '70',
342 silly get     connection: 'keep-alive',
342 silly get     'x-served-by': 'cache-ams4125-AMS',
342 silly get     'x-cache': 'HIT',
342 silly get     'x-cache-hits': '1',
342 silly get     'x-timer': 'S1474354049.886156,VS0,VE0',
342 silly get     vary: 'Accept-Encoding' } ]
343 verbose etag https://registry.npmjs.org/lodash._basecreate from cache
344 verbose get saving lodash._basecreate to /home/likhona/.npm/registry.npmjs.org/lodash._basecreate/.cache.json
345 silly resolveWithNewModule lodash._basecreate@3.0.3 checking installable status
346 silly cache add args [ 'lodash._basecreate@^3.0.0', null ]
347 verbose cache add spec lodash._basecreate@^3.0.0
348 silly cache add parsed spec Result {
348 silly cache add   raw: 'lodash._basecreate@^3.0.0',
348 silly cache add   scope: null,
348 silly cache add   name: 'lodash._basecreate',
348 silly cache add   rawSpec: '^3.0.0',
348 silly cache add   spec: '>=3.0.0 <4.0.0',
348 silly cache add   type: 'range' }
349 silly addNamed lodash._basecreate@>=3.0.0 <4.0.0
350 verbose addNamed ">=3.0.0 <4.0.0" is a valid semver range for lodash._basecreate
351 silly addNameRange { name: 'lodash._basecreate',
351 silly addNameRange   range: '>=3.0.0 <4.0.0',
351 silly addNameRange   hasData: false }
352 silly mapToRegistry name lodash._basecreate
353 silly mapToRegistry using default registry
354 silly mapToRegistry registry https://registry.npmjs.org/
355 silly mapToRegistry uri https://registry.npmjs.org/lodash._basecreate
356 verbose addNameRange registry:https://registry.npmjs.org/lodash._basecreate not in flight; fetching
357 verbose get https://registry.npmjs.org/lodash._basecreate not expired, no request
358 silly addNameRange number 2 { name: 'lodash._basecreate',
358 silly addNameRange   range: '>=3.0.0 <4.0.0',
358 silly addNameRange   hasData: true }
359 silly addNameRange versions [ 'lodash._basecreate',
359 silly addNameRange   [ '2.3.0', '2.4.0', '2.4.1', '3.0.0', '3.0.1', '3.0.2', '3.0.3' ] ]
360 silly addNamed lodash._basecreate@3.0.3
361 verbose addNamed "3.0.3" is a plain semver version for lodash._basecreate
362 silly cache afterAdd lodash._basecreate@3.0.3
363 verbose afterAdd /home/likhona/.npm/lodash._basecreate/3.0.3/package/package.json not in flight; writing
364 verbose afterAdd /home/likhona/.npm/lodash._basecreate/3.0.3/package/package.json written
365 silly fetchNamedPackageData has-flag
366 silly mapToRegistry name has-flag
367 silly mapToRegistry using default registry
368 silly mapToRegistry registry https://registry.npmjs.org/
369 silly mapToRegistry uri https://registry.npmjs.org/has-flag
370 verbose request uri https://registry.npmjs.org/has-flag
371 verbose request no auth needed
372 info attempt registry request try #1 at 8:47:30 AM
373 verbose etag "80TSDSJZ78UVFDNAJ6RORSZ1K"
374 http request GET https://registry.npmjs.org/has-flag
375 http 304 https://registry.npmjs.org/has-flag
376 verbose headers { date: 'Tue, 20 Sep 2016 06:47:30 GMT',
376 verbose headers   via: '1.1 varnish',
376 verbose headers   'cache-control': 'max-age=300',
376 verbose headers   etag: '"80TSDSJZ78UVFDNAJ6RORSZ1K"',
376 verbose headers   age: '52',
376 verbose headers   connection: 'keep-alive',
376 verbose headers   'x-served-by': 'cache-ams4129-AMS',
376 verbose headers   'x-cache': 'HIT',
376 verbose headers   'x-cache-hits': '1',
376 verbose headers   'x-timer': 'S1474354050.395601,VS0,VE0',
376 verbose headers   vary: 'Accept-Encoding' }
377 silly get cb [ 304,
377 silly get   { date: 'Tue, 20 Sep 2016 06:47:30 GMT',
377 silly get     via: '1.1 varnish',
377 silly get     'cache-control': 'max-age=300',
377 silly get     etag: '"80TSDSJZ78UVFDNAJ6RORSZ1K"',
377 silly get     age: '52',
377 silly get     connection: 'keep-alive',
377 silly get     'x-served-by': 'cache-ams4129-AMS',
377 silly get     'x-cache': 'HIT',
377 silly get     'x-cache-hits': '1',
377 silly get     'x-timer': 'S1474354050.395601,VS0,VE0',
377 silly get     vary: 'Accept-Encoding' } ]
378 verbose etag https://registry.npmjs.org/has-flag from cache
379 verbose get saving has-flag to /home/likhona/.npm/registry.npmjs.org/has-flag/.cache.json
380 silly resolveWithNewModule has-flag@1.0.0 checking installable status
381 silly cache add args [ 'has-flag@^1.0.0', null ]
382 verbose cache add spec has-flag@^1.0.0
383 silly cache add parsed spec Result {
383 silly cache add   raw: 'has-flag@^1.0.0',
383 silly cache add   scope: null,
383 silly cache add   name: 'has-flag',
383 silly cache add   rawSpec: '^1.0.0',
383 silly cache add   spec: '>=1.0.0 <2.0.0',
383 silly cache add   type: 'range' }
384 silly addNamed has-flag@>=1.0.0 <2.0.0
385 verbose addNamed ">=1.0.0 <2.0.0" is a valid semver range for has-flag
386 silly addNameRange { name: 'has-flag', range: '>=1.0.0 <2.0.0', hasData: false }
387 silly mapToRegistry name has-flag
388 silly mapToRegistry using default registry
389 silly mapToRegistry registry https://registry.npmjs.org/
390 silly mapToRegistry uri https://registry.npmjs.org/has-flag
391 verbose addNameRange registry:https://registry.npmjs.org/has-flag not in flight; fetching
392 verbose get https://registry.npmjs.org/has-flag not expired, no request
393 silly addNameRange number 2 { name: 'has-flag', range: '>=1.0.0 <2.0.0', hasData: true }
394 silly addNameRange versions [ 'has-flag', [ '1.0.0', '2.0.0' ] ]
395 silly addNamed has-flag@1.0.0
396 verbose addNamed "1.0.0" is a plain semver version for has-flag
397 silly cache afterAdd has-flag@1.0.0
398 verbose afterAdd /home/likhona/.npm/has-flag/1.0.0/package/package.json not in flight; writing
399 verbose afterAdd /home/likhona/.npm/has-flag/1.0.0/package/package.json written
400 silly fetchNamedPackageData fsevents
401 silly mapToRegistry name fsevents
402 silly mapToRegistry using default registry
403 silly mapToRegistry registry https://registry.npmjs.org/
404 silly mapToRegistry uri https://registry.npmjs.org/fsevents
405 verbose request uri https://registry.npmjs.org/fsevents
406 verbose request no auth needed
407 info attempt registry request try #1 at 8:47:30 AM
408 verbose etag "69O0UF1UA8LG7BQRJME2P5RBR"
409 http request GET https://registry.npmjs.org/fsevents
410 http 304 https://registry.npmjs.org/fsevents
411 verbose headers { date: 'Tue, 20 Sep 2016 06:47:31 GMT',
411 verbose headers   via: '1.1 varnish',
411 verbose headers   'cache-control': 'max-age=300',
411 verbose headers   etag: '"69O0UF1UA8LG7BQRJME2P5RBR"',
411 verbose headers   age: '192',
411 verbose headers   connection: 'keep-alive',
411 verbose headers   'x-served-by': 'cache-ams4126-AMS',
411 verbose headers   'x-cache': 'HIT',
411 verbose headers   'x-cache-hits': '63',
411 verbose headers   'x-timer': 'S1474354051.049683,VS0,VE0',
411 verbose headers   vary: 'Accept-Encoding' }
412 silly get cb [ 304,
412 silly get   { date: 'Tue, 20 Sep 2016 06:47:31 GMT',
412 silly get     via: '1.1 varnish',
412 silly get     'cache-control': 'max-age=300',
412 silly get     etag: '"69O0UF1UA8LG7BQRJME2P5RBR"',
412 silly get     age: '192',
412 silly get     connection: 'keep-alive',
412 silly get     'x-served-by': 'cache-ams4126-AMS',
412 silly get     'x-cache': 'HIT',
412 silly get     'x-cache-hits': '63',
412 silly get     'x-timer': 'S1474354051.049683,VS0,VE0',
412 silly get     vary: 'Accept-Encoding' } ]
413 verbose etag https://registry.npmjs.org/fsevents from cache
414 verbose get saving fsevents to /home/likhona/.npm/registry.npmjs.org/fsevents/.cache.json
415 silly resolveWithNewModule fsevents@1.0.14 checking installable status
416 silly loadAllDepsIntoIdealTree Finishing
417 silly idealTree:prePrune codeX_BasicCRUDexample@0.0.0
417 silly idealTree:prePrune ├── abbrev@1.0.9
417 silly idealTree:prePrune ├── accepts@1.3.3
417 silly idealTree:prePrune ├── amdefine@1.0.0
417 silly idealTree:prePrune ├── ansi-regex@2.0.0
417 silly idealTree:prePrune ├── ansi-styles@2.2.1
417 silly idealTree:prePrune ├── anymatch@1.3.0
417 silly idealTree:prePrune ├── arr-diff@2.0.0
417 silly idealTree:prePrune ├── arr-flatten@1.0.1
417 silly idealTree:prePrune ├── array-flatten@1.1.1
417 silly idealTree:prePrune ├── array-unique@0.2.1
417 silly idealTree:prePrune ├── arrify@1.0.1
417 silly idealTree:prePrune ├── asap@1.0.0
417 silly idealTree:prePrune ├── async-each@1.0.1
417 silly idealTree:prePrune ├── async@0.2.10
417 silly idealTree:prePrune ├── balanced-match@0.4.2
417 silly idealTree:prePrune ├── bignumber.js@2.3.0
417 silly idealTree:prePrune ├── binary-extensions@1.6.0
417 silly idealTree:prePrune ├── body-parser@1.15.2
417 silly idealTree:prePrune ├── brace-expansion@1.1.6
417 silly idealTree:prePrune ├── braces@1.8.5
417 silly idealTree:prePrune ├── browser-stdout@1.3.0
417 silly idealTree:prePrune ├── buffer-shims@1.0.0
417 silly idealTree:prePrune ├── bytes@2.4.0
417 silly idealTree:prePrune ├── chalk@1.1.3
417 silly idealTree:prePrune ├── chokidar@1.6.0
417 silly idealTree:prePrune ├── colors@0.6.2
417 silly idealTree:prePrune ├── commander@2.9.0
417 silly idealTree:prePrune ├── concat-map@0.0.1
417 silly idealTree:prePrune ├─┬ configstore@1.4.0
417 silly idealTree:prePrune │ └── graceful-fs@4.1.6
417 silly idealTree:prePrune ├── content-disposition@0.5.1
417 silly idealTree:prePrune ├── content-type@1.0.2
417 silly idealTree:prePrune ├── cookie-signature@1.0.6
417 silly idealTree:prePrune ├── cookie@0.3.1
417 silly idealTree:prePrune ├── core-util-is@1.0.2
417 silly idealTree:prePrune ├── cycle@1.0.3
417 silly idealTree:prePrune ├── debug@2.2.0
417 silly idealTree:prePrune ├── deep-equal@1.0.1
417 silly idealTree:prePrune ├── deep-extend@0.4.1
417 silly idealTree:prePrune ├── depd@1.1.0
417 silly idealTree:prePrune ├── destroy@1.0.4
417 silly idealTree:prePrune ├── diff@1.4.0
417 silly idealTree:prePrune ├── duplexer@0.1.1
417 silly idealTree:prePrune ├─┬ duplexify@3.4.5
417 silly idealTree:prePrune │ ├── isarray@1.0.0
417 silly idealTree:prePrune │ └── readable-stream@2.1.5
417 silly idealTree:prePrune ├── ee-first@1.1.1
417 silly idealTree:prePrune ├── encodeurl@1.0.1
417 silly idealTree:prePrune ├─┬ end-of-stream@1.0.0
417 silly idealTree:prePrune │ └── once@1.3.3
417 silly idealTree:prePrune ├── es6-promise@3.3.1
417 silly idealTree:prePrune ├── escape-html@1.0.3
417 silly idealTree:prePrune ├── escape-string-regexp@1.0.5
417 silly idealTree:prePrune ├── etag@1.7.0
417 silly idealTree:prePrune ├── event-stream@3.3.4
417 silly idealTree:prePrune ├── expand-brackets@0.1.5
417 silly idealTree:prePrune ├── expand-range@1.8.2
417 silly idealTree:prePrune ├── express-handlebars@1.2.2
417 silly idealTree:prePrune ├── express-myconnection@1.0.4
417 silly idealTree:prePrune ├── express@4.14.0
417 silly idealTree:prePrune ├── extglob@0.3.2
417 silly idealTree:prePrune ├── eyes@0.1.8
417 silly idealTree:prePrune ├── filename-regex@2.0.0
417 silly idealTree:prePrune ├── fill-range@2.2.3
417 silly idealTree:prePrune ├── finalhandler@0.5.0
417 silly idealTree:prePrune ├── for-in@0.1.6
417 silly idealTree:prePrune ├── for-own@0.1.4
417 silly idealTree:prePrune ├── forwarded@0.1.0
417 silly idealTree:prePrune ├── fresh@0.3.0
417 silly idealTree:prePrune ├── from@0.1.3
417 silly idealTree:prePrune ├── fs.realpath@1.0.0
417 silly idealTree:prePrune ├── glob-base@0.3.0
417 silly idealTree:prePrune ├── glob-parent@2.0.0
417 silly idealTree:prePrune ├── glob@5.0.15
417 silly idealTree:prePrune ├─┬ got@3.3.1
417 silly idealTree:prePrune │ └── object-assign@3.0.0
417 silly idealTree:prePrune ├── graceful-fs@3.0.11
417 silly idealTree:prePrune ├── graceful-readlink@1.0.1
417 silly idealTree:prePrune ├── growl@1.9.2
417 silly idealTree:prePrune ├── handlebars@2.0.0
417 silly idealTree:prePrune ├── has-ansi@2.0.0
417 silly idealTree:prePrune ├── has-flag@1.0.0
417 silly idealTree:prePrune ├── http-errors@1.5.0
417 silly idealTree:prePrune ├── i@0.3.5
417 silly idealTree:prePrune ├── iconv-lite@0.4.13
417 silly idealTree:prePrune ├── ignore-by-default@1.0.1
417 silly idealTree:prePrune ├── imurmurhash@0.1.4
417 silly idealTree:prePrune ├── infinity-agent@2.0.3
417 silly idealTree:prePrune ├── inflight@1.0.5
417 silly idealTree:prePrune ├── inherits@2.0.1
417 silly idealTree:prePrune ├── ini@1.3.4
417 silly idealTree:prePrune ├── ipaddr.js@1.1.1
417 silly idealTree:prePrune ├── is-binary-path@1.0.1
417 silly idealTree:prePrune ├── is-buffer@1.1.4
417 silly idealTree:prePrune ├── is-dotfile@1.0.2
417 silly idealTree:prePrune ├── is-equal-shallow@0.1.3
417 silly idealTree:prePrune ├── is-extendable@0.1.1
417 silly idealTree:prePrune ├── is-extglob@1.0.0
417 silly idealTree:prePrune ├── is-finite@1.0.1
417 silly idealTree:prePrune ├── is-glob@2.0.1
417 silly idealTree:prePrune ├── is-npm@1.0.0
417 silly idealTree:prePrune ├── is-number@2.1.0
417 silly idealTree:prePrune ├── is-posix-bracket@0.1.1
417 silly idealTree:prePrune ├── is-primitive@2.0.0
417 silly idealTree:prePrune ├── is-redirect@1.0.0
417 silly idealTree:prePrune ├── is-stream@1.1.0
417 silly idealTree:prePrune ├── isarray@0.0.1
417 silly idealTree:prePrune ├─┬ isobject@2.1.0
417 silly idealTree:prePrune │ └── isarray@1.0.0
417 silly idealTree:prePrune ├── isstream@0.1.2
417 silly idealTree:prePrune ├── json3@3.3.2
417 silly idealTree:prePrune ├── kind-of@3.0.4
417 silly idealTree:prePrune ├── latest-version@1.0.1
417 silly idealTree:prePrune ├── lodash._baseassign@3.2.0
417 silly idealTree:prePrune ├── lodash._basecopy@3.0.1
417 silly idealTree:prePrune ├── lodash._basecreate@3.0.3
417 silly idealTree:prePrune ├── lodash._bindcallback@3.0.1
417 silly idealTree:prePrune ├── lodash._createassigner@3.1.1
417 silly idealTree:prePrune ├── lodash._getnative@3.9.1
417 silly idealTree:prePrune ├── lodash._isiterateecall@3.0.9
417 silly idealTree:prePrune ├── lodash.assign@3.2.0
417 silly idealTree:prePrune ├── lodash.create@3.1.1
417 silly idealTree:prePrune ├── lodash.defaults@3.1.2
417 silly idealTree:prePrune ├── lodash.isarguments@3.1.0
417 silly idealTree:prePrune ├── lodash.isarray@3.0.4
417 silly idealTree:prePrune ├── lodash.keys@3.1.2
417 silly idealTree:prePrune ├── lodash.restparam@3.6.1
417 silly idealTree:prePrune ├── lowercase-keys@1.0.0
417 silly idealTree:prePrune ├── map-stream@0.1.0
417 silly idealTree:prePrune ├── media-typer@0.3.0
417 silly idealTree:prePrune ├── merge-descriptors@1.0.1
417 silly idealTree:prePrune ├── methods@1.1.2
417 silly idealTree:prePrune ├── micromatch@2.3.11
417 silly idealTree:prePrune ├── mime-db@1.24.0
417 silly idealTree:prePrune ├── mime-types@2.1.12
417 silly idealTree:prePrune ├── mime@1.3.4
417 silly idealTree:prePrune ├── minimatch@3.0.3
417 silly idealTree:prePrune ├── minimist@0.0.8
417 silly idealTree:prePrune ├── mkdirp@0.5.1
417 silly idealTree:prePrune ├─┬ mocha@3.0.2
417 silly idealTree:prePrune │ ├── glob@7.0.5
417 silly idealTree:prePrune │ └── supports-color@3.1.2
417 silly idealTree:prePrune ├── ms@0.7.1
417 silly idealTree:prePrune ├── mute-stream@0.0.6
417 silly idealTree:prePrune ├── mysql@2.11.1
417 silly idealTree:prePrune ├── natives@1.1.0
417 silly idealTree:prePrune ├── ncp@0.4.2
417 silly idealTree:prePrune ├── negotiator@0.6.1
417 silly idealTree:prePrune ├── nested-error-stacks@1.0.2
417 silly idealTree:prePrune ├── nodemon@1.10.2
417 silly idealTree:prePrune ├── nopt@1.0.10
417 silly idealTree:prePrune ├── normalize-path@2.0.1
417 silly idealTree:prePrune ├── number-is-nan@1.0.0
417 silly idealTree:prePrune ├── object-assign@4.1.0
417 silly idealTree:prePrune ├── object.omit@2.0.0
417 silly idealTree:prePrune ├── on-finished@2.3.0
417 silly idealTree:prePrune ├── once@1.4.0
417 silly idealTree:prePrune ├── optimist@0.3.7
417 silly idealTree:prePrune ├── os-homedir@1.0.1
417 silly idealTree:prePrune ├── os-tmpdir@1.0.1
417 silly idealTree:prePrune ├── osenv@0.1.3
417 silly idealTree:prePrune ├── package-json@1.2.0
417 silly idealTree:prePrune ├── parse-glob@3.0.4
417 silly idealTree:prePrune ├── parseurl@1.3.1
417 silly idealTree:prePrune ├── path-is-absolute@1.0.0
417 silly idealTree:prePrune ├── path-to-regexp@0.1.7
417 silly idealTree:prePrune ├── pause-stream@0.0.11
417 silly idealTree:prePrune ├── pinkie-promise@2.0.1
417 silly idealTree:prePrune ├── pinkie@2.0.4
417 silly idealTree:prePrune ├── pkginfo@0.4.0
417 silly idealTree:prePrune ├── prepend-http@1.0.4
417 silly idealTree:prePrune ├── preserve@0.2.0
417 silly idealTree:prePrune ├── process-nextick-args@1.0.7
417 silly idealTree:prePrune ├── promise@6.1.0
417 silly idealTree:prePrune ├── prompt@0.2.14
417 silly idealTree:prePrune ├── proxy-addr@1.1.2
417 silly idealTree:prePrune ├── ps-tree@1.1.0
417 silly idealTree:prePrune ├── qs@6.2.0
417 silly idealTree:prePrune ├── randomatic@1.1.5
417 silly idealTree:prePrune ├── range-parser@1.2.0
417 silly idealTree:prePrune ├── raw-body@2.1.7
417 silly idealTree:prePrune ├─┬ rc@1.1.6
417 silly idealTree:prePrune │ └── minimist@1.2.0
417 silly idealTree:prePrune ├─┬ read-all-stream@3.1.0
417 silly idealTree:prePrune │ ├── isarray@1.0.0
417 silly idealTree:prePrune │ └── readable-stream@2.1.5
417 silly idealTree:prePrune ├── read@1.0.7
417 silly idealTree:prePrune ├── readable-stream@1.1.14
417 silly idealTree:prePrune ├─┬ readdirp@2.1.0
417 silly idealTree:prePrune │ ├── graceful-fs@4.1.6
417 silly idealTree:prePrune │ ├── isarray@1.0.0
417 silly idealTree:prePrune │ └── readable-stream@2.1.5
417 silly idealTree:prePrune ├── regex-cache@0.4.3
417 silly idealTree:prePrune ├── registry-url@3.1.0
417 silly idealTree:prePrune ├── repeat-element@1.1.2
417 silly idealTree:prePrune ├── repeat-string@1.5.4
417 silly idealTree:prePrune ├── repeating@1.1.3
417 silly idealTree:prePrune ├── revalidator@0.1.8
417 silly idealTree:prePrune ├─┬ rimraf@2.5.4
417 silly idealTree:prePrune │ └── glob@7.0.6
417 silly idealTree:prePrune ├─┬ semver-diff@2.1.0
417 silly idealTree:prePrune │ └── semver@5.3.0
417 silly idealTree:prePrune ├── semver@3.0.1
417 silly idealTree:prePrune ├── send@0.14.1
417 silly idealTree:prePrune ├── serve-static@1.11.1
417 silly idealTree:prePrune ├── set-immediate-shim@1.0.1
417 silly idealTree:prePrune ├── setprototypeof@1.0.1
417 silly idealTree:prePrune ├── slide@1.1.6
417 silly idealTree:prePrune ├── source-map@0.1.43
417 silly idealTree:prePrune ├── split@0.3.3
417 silly idealTree:prePrune ├── sqlstring@2.0.1
417 silly idealTree:prePrune ├── stack-trace@0.0.9
417 silly idealTree:prePrune ├── statuses@1.3.0
417 silly idealTree:prePrune ├── stream-combiner@0.0.4
417 silly idealTree:prePrune ├── stream-shift@1.0.0
417 silly idealTree:prePrune ├── string_decoder@0.10.31
417 silly idealTree:prePrune ├── string-length@1.0.1
417 silly idealTree:prePrune ├── strip-ansi@3.0.1
417 silly idealTree:prePrune ├── strip-json-comments@1.0.4
417 silly idealTree:prePrune ├── supports-color@2.0.0
417 silly idealTree:prePrune ├── through@2.3.8
417 silly idealTree:prePrune ├── timed-out@2.0.0
417 silly idealTree:prePrune ├── touch@1.0.0
417 silly idealTree:prePrune ├── type-is@1.6.13
417 silly idealTree:prePrune ├── uglify-js@2.3.6
417 silly idealTree:prePrune ├── undefsafe@0.0.3
417 silly idealTree:prePrune ├── unpipe@1.0.0
417 silly idealTree:prePrune ├── update-notifier@0.5.0
417 silly idealTree:prePrune ├── util-deprecate@1.0.2
417 silly idealTree:prePrune ├── utile@0.2.1
417 silly idealTree:prePrune ├── utils-merge@1.0.0
417 silly idealTree:prePrune ├── uuid@2.0.3
417 silly idealTree:prePrune ├── vary@1.1.0
417 silly idealTree:prePrune ├─┬ winston@0.8.3
417 silly idealTree:prePrune │ └── pkginfo@0.3.1
417 silly idealTree:prePrune ├── wordwrap@0.0.3
417 silly idealTree:prePrune ├── wrappy@1.0.2
417 silly idealTree:prePrune ├─┬ write-file-atomic@1.2.0
417 silly idealTree:prePrune │ └── graceful-fs@4.1.6
417 silly idealTree:prePrune └── xdg-basedir@2.0.0
418 silly loadIdealTree Finishing
419 silly currentTree codeX_BasicCRUDexample@0.0.0
419 silly currentTree ├── abbrev@1.0.9
419 silly currentTree ├── accepts@1.3.3
419 silly currentTree ├── amdefine@1.0.0
419 silly currentTree ├── ansi-regex@2.0.0
419 silly currentTree ├── ansi-styles@2.2.1
419 silly currentTree ├── anymatch@1.3.0
419 silly currentTree ├── arr-diff@2.0.0
419 silly currentTree ├── arr-flatten@1.0.1
419 silly currentTree ├── array-flatten@1.1.1
419 silly currentTree ├── array-unique@0.2.1
419 silly currentTree ├── arrify@1.0.1
419 silly currentTree ├── asap@1.0.0
419 silly currentTree ├── async-each@1.0.1
419 silly currentTree ├── async@0.2.10
419 silly currentTree ├── balanced-match@0.4.2
419 silly currentTree ├── bignumber.js@2.3.0
419 silly currentTree ├── binary-extensions@1.6.0
419 silly currentTree ├── body-parser@1.15.2
419 silly currentTree ├── brace-expansion@1.1.6
419 silly currentTree ├── braces@1.8.5
419 silly currentTree ├── browser-stdout@1.3.0
419 silly currentTree ├── buffer-shims@1.0.0
419 silly currentTree ├── bytes@2.4.0
419 silly currentTree ├── chalk@1.1.3
419 silly currentTree ├── chokidar@1.6.0
419 silly currentTree ├── colors@0.6.2
419 silly currentTree ├── commander@2.9.0
419 silly currentTree ├── concat-map@0.0.1
419 silly currentTree ├─┬ configstore@1.4.0
419 silly currentTree │ └── graceful-fs@4.1.6
419 silly currentTree ├── content-disposition@0.5.1
419 silly currentTree ├── content-type@1.0.2
419 silly currentTree ├── cookie-signature@1.0.6
419 silly currentTree ├── cookie@0.3.1
419 silly currentTree ├── core-util-is@1.0.2
419 silly currentTree ├── cycle@1.0.3
419 silly currentTree ├── debug@2.2.0
419 silly currentTree ├── deep-equal@1.0.1
419 silly currentTree ├── deep-extend@0.4.1
419 silly currentTree ├── depd@1.1.0
419 silly currentTree ├── destroy@1.0.4
419 silly currentTree ├── diff@1.4.0
419 silly currentTree ├── duplexer@0.1.1
419 silly currentTree ├─┬ duplexify@3.4.5
419 silly currentTree │ ├── isarray@1.0.0
419 silly currentTree │ └── readable-stream@2.1.5
419 silly currentTree ├── ee-first@1.1.1
419 silly currentTree ├── encodeurl@1.0.1
419 silly currentTree ├─┬ end-of-stream@1.0.0
419 silly currentTree │ └── once@1.3.3
419 silly currentTree ├── es6-promise@3.3.1
419 silly currentTree ├── escape-html@1.0.3
419 silly currentTree ├── escape-string-regexp@1.0.5
419 silly currentTree ├── etag@1.7.0
419 silly currentTree ├── event-stream@3.3.4
419 silly currentTree ├── expand-brackets@0.1.5
419 silly currentTree ├── expand-range@1.8.2
419 silly currentTree ├── express-handlebars@1.2.2
419 silly currentTree ├── express-myconnection@1.0.4
419 silly currentTree ├── express@4.14.0
419 silly currentTree ├── extglob@0.3.2
419 silly currentTree ├── eyes@0.1.8
419 silly currentTree ├── filename-regex@2.0.0
419 silly currentTree ├── fill-range@2.2.3
419 silly currentTree ├── finalhandler@0.5.0
419 silly currentTree ├── for-in@0.1.6
419 silly currentTree ├── for-own@0.1.4
419 silly currentTree ├── forwarded@0.1.0
419 silly currentTree ├── fresh@0.3.0
419 silly currentTree ├── from@0.1.3
419 silly currentTree ├── fs.realpath@1.0.0
419 silly currentTree ├── glob-base@0.3.0
419 silly currentTree ├── glob-parent@2.0.0
419 silly currentTree ├── glob@5.0.15
419 silly currentTree ├─┬ got@3.3.1
419 silly currentTree │ └── object-assign@3.0.0
419 silly currentTree ├── graceful-fs@3.0.11
419 silly currentTree ├── graceful-readlink@1.0.1
419 silly currentTree ├── growl@1.9.2
419 silly currentTree ├── handlebars@2.0.0
419 silly currentTree ├── has-ansi@2.0.0
419 silly currentTree ├── has-flag@1.0.0
419 silly currentTree ├── http-errors@1.5.0
419 silly currentTree ├── i@0.3.5
419 silly currentTree ├── iconv-lite@0.4.13
419 silly currentTree ├── ignore-by-default@1.0.1
419 silly currentTree ├── imurmurhash@0.1.4
419 silly currentTree ├── infinity-agent@2.0.3
419 silly currentTree ├── inflight@1.0.5
419 silly currentTree ├── inherits@2.0.1
419 silly currentTree ├── ini@1.3.4
419 silly currentTree ├── ipaddr.js@1.1.1
419 silly currentTree ├── is-binary-path@1.0.1
419 silly currentTree ├── is-buffer@1.1.4
419 silly currentTree ├── is-dotfile@1.0.2
419 silly currentTree ├── is-equal-shallow@0.1.3
419 silly currentTree ├── is-extendable@0.1.1
419 silly currentTree ├── is-extglob@1.0.0
419 silly currentTree ├── is-finite@1.0.1
419 silly currentTree ├── is-glob@2.0.1
419 silly currentTree ├── is-npm@1.0.0
419 silly currentTree ├── is-number@2.1.0
419 silly currentTree ├── is-posix-bracket@0.1.1
419 silly currentTree ├── is-primitive@2.0.0
419 silly currentTree ├── is-redirect@1.0.0
419 silly currentTree ├── is-stream@1.1.0
419 silly currentTree ├── isarray@0.0.1
419 silly currentTree ├─┬ isobject@2.1.0
419 silly currentTree │ └── isarray@1.0.0
419 silly currentTree ├── isstream@0.1.2
419 silly currentTree ├── json3@3.3.2
419 silly currentTree ├── kind-of@3.0.4
419 silly currentTree ├── latest-version@1.0.1
419 silly currentTree ├── lodash._baseassign@3.2.0
419 silly currentTree ├── lodash._basecopy@3.0.1
419 silly currentTree ├── lodash._basecreate@3.0.3
419 silly currentTree ├── lodash._bindcallback@3.0.1
419 silly currentTree ├── lodash._createassigner@3.1.1
419 silly currentTree ├── lodash._getnative@3.9.1
419 silly currentTree ├── lodash._isiterateecall@3.0.9
419 silly currentTree ├── lodash.assign@3.2.0
419 silly currentTree ├── lodash.create@3.1.1
419 silly currentTree ├── lodash.defaults@3.1.2
419 silly currentTree ├── lodash.isarguments@3.1.0
419 silly currentTree ├── lodash.isarray@3.0.4
419 silly currentTree ├── lodash.keys@3.1.2
419 silly currentTree ├── lodash.restparam@3.6.1
419 silly currentTree ├── lowercase-keys@1.0.0
419 silly currentTree ├── map-stream@0.1.0
419 silly currentTree ├── media-typer@0.3.0
419 silly currentTree ├── merge-descriptors@1.0.1
419 silly currentTree ├── methods@1.1.2
419 silly currentTree ├── micromatch@2.3.11
419 silly currentTree ├── mime-db@1.24.0
419 silly currentTree ├── mime-types@2.1.12
419 silly currentTree ├── mime@1.3.4
419 silly currentTree ├── minimatch@3.0.3
419 silly currentTree ├── minimist@0.0.8
419 silly currentTree ├── mkdirp@0.5.1
419 silly currentTree ├─┬ mocha@3.0.2
419 silly currentTree │ ├── glob@7.0.5
419 silly currentTree │ └── supports-color@3.1.2
419 silly currentTree ├── ms@0.7.1
419 silly currentTree ├── mute-stream@0.0.6
419 silly currentTree ├── mysql@2.11.1
419 silly currentTree ├── natives@1.1.0
419 silly currentTree ├── ncp@0.4.2
419 silly currentTree ├── negotiator@0.6.1
419 silly currentTree ├── nested-error-stacks@1.0.2
419 silly currentTree ├── nodemon@1.10.2
419 silly currentTree ├── nopt@1.0.10
419 silly currentTree ├── normalize-path@2.0.1
419 silly currentTree ├── number-is-nan@1.0.0
419 silly currentTree ├── object-assign@4.1.0
419 silly currentTree ├── object.omit@2.0.0
419 silly currentTree ├── on-finished@2.3.0
419 silly currentTree ├── once@1.4.0
419 silly currentTree ├── optimist@0.3.7
419 silly currentTree ├── os-homedir@1.0.1
419 silly currentTree ├── os-tmpdir@1.0.1
419 silly currentTree ├── osenv@0.1.3
419 silly currentTree ├── package-json@1.2.0
419 silly currentTree ├── parse-glob@3.0.4
419 silly currentTree ├── parseurl@1.3.1
419 silly currentTree ├── path-is-absolute@1.0.0
419 silly currentTree ├── path-to-regexp@0.1.7
419 silly currentTree ├── pause-stream@0.0.11
419 silly currentTree ├── pinkie-promise@2.0.1
419 silly currentTree ├── pinkie@2.0.4
419 silly currentTree ├── pkginfo@0.4.0
419 silly currentTree ├── prepend-http@1.0.4
419 silly currentTree ├── preserve@0.2.0
419 silly currentTree ├── process-nextick-args@1.0.7
419 silly currentTree ├── promise@6.1.0
419 silly currentTree ├── prompt@0.2.14
419 silly currentTree ├── proxy-addr@1.1.2
419 silly currentTree ├── ps-tree@1.1.0
419 silly currentTree ├── qs@6.2.0
419 silly currentTree ├── randomatic@1.1.5
419 silly currentTree ├── range-parser@1.2.0
419 silly currentTree ├── raw-body@2.1.7
419 silly currentTree ├─┬ rc@1.1.6
419 silly currentTree │ └── minimist@1.2.0
419 silly currentTree ├─┬ read-all-stream@3.1.0
419 silly currentTree │ ├── isarray@1.0.0
419 silly currentTree │ └── readable-stream@2.1.5
419 silly currentTree ├── read@1.0.7
419 silly currentTree ├── readable-stream@1.1.14
419 silly currentTree ├─┬ readdirp@2.1.0
419 silly currentTree │ ├── graceful-fs@4.1.6
419 silly currentTree │ ├── isarray@1.0.0
419 silly currentTree │ └── readable-stream@2.1.5
419 silly currentTree ├── regex-cache@0.4.3
419 silly currentTree ├── registry-url@3.1.0
419 silly currentTree ├── repeat-element@1.1.2
419 silly currentTree ├── repeat-string@1.5.4
419 silly currentTree ├── repeating@1.1.3
419 silly currentTree ├── revalidator@0.1.8
419 silly currentTree ├─┬ rimraf@2.5.4
419 silly currentTree │ └── glob@7.0.6
419 silly currentTree ├─┬ semver-diff@2.1.0
419 silly currentTree │ └── semver@5.3.0
419 silly currentTree ├── semver@3.0.1
419 silly currentTree ├── send@0.14.1
419 silly currentTree ├── serve-static@1.11.1
419 silly currentTree ├── set-immediate-shim@1.0.1
419 silly currentTree ├── setprototypeof@1.0.1
419 silly currentTree ├── slide@1.1.6
419 silly currentTree ├── source-map@0.1.43
419 silly currentTree ├── split@0.3.3
419 silly currentTree ├── sqlstring@2.0.1
419 silly currentTree ├── stack-trace@0.0.9
419 silly currentTree ├── statuses@1.3.0
419 silly currentTree ├── stream-combiner@0.0.4
419 silly currentTree ├── stream-shift@1.0.0
419 silly currentTree ├── string_decoder@0.10.31
419 silly currentTree ├── string-length@1.0.1
419 silly currentTree ├── strip-ansi@3.0.1
419 silly currentTree ├── strip-json-comments@1.0.4
419 silly currentTree ├── supports-color@2.0.0
419 silly currentTree ├── through@2.3.8
419 silly currentTree ├── timed-out@2.0.0
419 silly currentTree ├── touch@1.0.0
419 silly currentTree ├── type-is@1.6.13
419 silly currentTree ├── uglify-js@2.3.6
419 silly currentTree ├── undefsafe@0.0.3
419 silly currentTree ├── unpipe@1.0.0
419 silly currentTree ├── update-notifier@0.5.0
419 silly currentTree ├── util-deprecate@1.0.2
419 silly currentTree ├── utile@0.2.1
419 silly currentTree ├── utils-merge@1.0.0
419 silly currentTree ├── uuid@2.0.3
419 silly currentTree ├── vary@1.1.0
419 silly currentTree ├─┬ winston@0.8.3
419 silly currentTree │ └── pkginfo@0.3.1
419 silly currentTree ├── wordwrap@0.0.3
419 silly currentTree ├── wrappy@1.0.2
419 silly currentTree ├─┬ write-file-atomic@1.2.0
419 silly currentTree │ └── graceful-fs@4.1.6
419 silly currentTree └── xdg-basedir@2.0.0
420 silly idealTree codeX_BasicCRUDexample@0.0.0
420 silly idealTree ├── abbrev@1.0.9
420 silly idealTree ├── accepts@1.3.3
420 silly idealTree ├── amdefine@1.0.0
420 silly idealTree ├── ansi-regex@2.0.0
420 silly idealTree ├── ansi-styles@2.2.1
420 silly idealTree ├── anymatch@1.3.0
420 silly idealTree ├── arr-diff@2.0.0
420 silly idealTree ├── arr-flatten@1.0.1
420 silly idealTree ├── array-flatten@1.1.1
420 silly idealTree ├── array-unique@0.2.1
420 silly idealTree ├── arrify@1.0.1
420 silly idealTree ├── asap@1.0.0
420 silly idealTree ├── async-each@1.0.1
420 silly idealTree ├── async@0.2.10
420 silly idealTree ├── balanced-match@0.4.2
420 silly idealTree ├── bignumber.js@2.3.0
420 silly idealTree ├── binary-extensions@1.6.0
420 silly idealTree ├── body-parser@1.15.2
420 silly idealTree ├── brace-expansion@1.1.6
420 silly idealTree ├── braces@1.8.5
420 silly idealTree ├── browser-stdout@1.3.0
420 silly idealTree ├── buffer-shims@1.0.0
420 silly idealTree ├── bytes@2.4.0
420 silly idealTree ├── chalk@1.1.3
420 silly idealTree ├── chokidar@1.6.0
420 silly idealTree ├── colors@0.6.2
420 silly idealTree ├── commander@2.9.0
420 silly idealTree ├── concat-map@0.0.1
420 silly idealTree ├─┬ configstore@1.4.0
420 silly idealTree │ └── graceful-fs@4.1.6
420 silly idealTree ├── content-disposition@0.5.1
420 silly idealTree ├── content-type@1.0.2
420 silly idealTree ├── cookie-signature@1.0.6
420 silly idealTree ├── cookie@0.3.1
420 silly idealTree ├── core-util-is@1.0.2
420 silly idealTree ├── cycle@1.0.3
420 silly idealTree ├── debug@2.2.0
420 silly idealTree ├── deep-equal@1.0.1
420 silly idealTree ├── deep-extend@0.4.1
420 silly idealTree ├── depd@1.1.0
420 silly idealTree ├── destroy@1.0.4
420 silly idealTree ├── diff@1.4.0
420 silly idealTree ├── duplexer@0.1.1
420 silly idealTree ├─┬ duplexify@3.4.5
420 silly idealTree │ ├── isarray@1.0.0
420 silly idealTree │ └── readable-stream@2.1.5
420 silly idealTree ├── ee-first@1.1.1
420 silly idealTree ├── encodeurl@1.0.1
420 silly idealTree ├─┬ end-of-stream@1.0.0
420 silly idealTree │ └── once@1.3.3
420 silly idealTree ├── es6-promise@3.3.1
420 silly idealTree ├── escape-html@1.0.3
420 silly idealTree ├── escape-string-regexp@1.0.5
420 silly idealTree ├── etag@1.7.0
420 silly idealTree ├── event-stream@3.3.4
420 silly idealTree ├── expand-brackets@0.1.5
420 silly idealTree ├── expand-range@1.8.2
420 silly idealTree ├── express-handlebars@1.2.2
420 silly idealTree ├── express-myconnection@1.0.4
420 silly idealTree ├── express@4.14.0
420 silly idealTree ├── extglob@0.3.2
420 silly idealTree ├── eyes@0.1.8
420 silly idealTree ├── filename-regex@2.0.0
420 silly idealTree ├── fill-range@2.2.3
420 silly idealTree ├── finalhandler@0.5.0
420 silly idealTree ├── for-in@0.1.6
420 silly idealTree ├── for-own@0.1.4
420 silly idealTree ├── forwarded@0.1.0
420 silly idealTree ├── fresh@0.3.0
420 silly idealTree ├── from@0.1.3
420 silly idealTree ├── fs.realpath@1.0.0
420 silly idealTree ├── glob-base@0.3.0
420 silly idealTree ├── glob-parent@2.0.0
420 silly idealTree ├── glob@5.0.15
420 silly idealTree ├─┬ got@3.3.1
420 silly idealTree │ └── object-assign@3.0.0
420 silly idealTree ├── graceful-fs@3.0.11
420 silly idealTree ├── graceful-readlink@1.0.1
420 silly idealTree ├── growl@1.9.2
420 silly idealTree ├── handlebars@2.0.0
420 silly idealTree ├── has-ansi@2.0.0
420 silly idealTree ├── has-flag@1.0.0
420 silly idealTree ├── http-errors@1.5.0
420 silly idealTree ├── i@0.3.5
420 silly idealTree ├── iconv-lite@0.4.13
420 silly idealTree ├── ignore-by-default@1.0.1
420 silly idealTree ├── imurmurhash@0.1.4
420 silly idealTree ├── infinity-agent@2.0.3
420 silly idealTree ├── inflight@1.0.5
420 silly idealTree ├── inherits@2.0.1
420 silly idealTree ├── ini@1.3.4
420 silly idealTree ├── ipaddr.js@1.1.1
420 silly idealTree ├── is-binary-path@1.0.1
420 silly idealTree ├── is-buffer@1.1.4
420 silly idealTree ├── is-dotfile@1.0.2
420 silly idealTree ├── is-equal-shallow@0.1.3
420 silly idealTree ├── is-extendable@0.1.1
420 silly idealTree ├── is-extglob@1.0.0
420 silly idealTree ├── is-finite@1.0.1
420 silly idealTree ├── is-glob@2.0.1
420 silly idealTree ├── is-npm@1.0.0
420 silly idealTree ├── is-number@2.1.0
420 silly idealTree ├── is-posix-bracket@0.1.1
420 silly idealTree ├── is-primitive@2.0.0
420 silly idealTree ├── is-redirect@1.0.0
420 silly idealTree ├── is-stream@1.1.0
420 silly idealTree ├── isarray@0.0.1
420 silly idealTree ├─┬ isobject@2.1.0
420 silly idealTree │ └── isarray@1.0.0
420 silly idealTree ├── isstream@0.1.2
420 silly idealTree ├── json3@3.3.2
420 silly idealTree ├── kind-of@3.0.4
420 silly idealTree ├── latest-version@1.0.1
420 silly idealTree ├── lodash._baseassign@3.2.0
420 silly idealTree ├── lodash._basecopy@3.0.1
420 silly idealTree ├── lodash._basecreate@3.0.3
420 silly idealTree ├── lodash._bindcallback@3.0.1
420 silly idealTree ├── lodash._createassigner@3.1.1
420 silly idealTree ├── lodash._getnative@3.9.1
420 silly idealTree ├── lodash._isiterateecall@3.0.9
420 silly idealTree ├── lodash.assign@3.2.0
420 silly idealTree ├── lodash.create@3.1.1
420 silly idealTree ├── lodash.defaults@3.1.2
420 silly idealTree ├── lodash.isarguments@3.1.0
420 silly idealTree ├── lodash.isarray@3.0.4
420 silly idealTree ├── lodash.keys@3.1.2
420 silly idealTree ├── lodash.restparam@3.6.1
420 silly idealTree ├── lowercase-keys@1.0.0
420 silly idealTree ├── map-stream@0.1.0
420 silly idealTree ├── media-typer@0.3.0
420 silly idealTree ├── merge-descriptors@1.0.1
420 silly idealTree ├── methods@1.1.2
420 silly idealTree ├── micromatch@2.3.11
420 silly idealTree ├── mime-db@1.24.0
420 silly idealTree ├── mime-types@2.1.12
420 silly idealTree ├── mime@1.3.4
420 silly idealTree ├── minimatch@3.0.3
420 silly idealTree ├── minimist@0.0.8
420 silly idealTree ├── mkdirp@0.5.1
420 silly idealTree ├─┬ mocha@3.0.2
420 silly idealTree │ ├── glob@7.0.5
420 silly idealTree │ └── supports-color@3.1.2
420 silly idealTree ├── ms@0.7.1
420 silly idealTree ├── mute-stream@0.0.6
420 silly idealTree ├── mysql@2.11.1
420 silly idealTree ├── natives@1.1.0
420 silly idealTree ├── ncp@0.4.2
420 silly idealTree ├── negotiator@0.6.1
420 silly idealTree ├── nested-error-stacks@1.0.2
420 silly idealTree ├── nodemon@1.10.2
420 silly idealTree ├── nopt@1.0.10
420 silly idealTree ├── normalize-path@2.0.1
420 silly idealTree ├── number-is-nan@1.0.0
420 silly idealTree ├── object-assign@4.1.0
420 silly idealTree ├── object.omit@2.0.0
420 silly idealTree ├── on-finished@2.3.0
420 silly idealTree ├── once@1.4.0
420 silly idealTree ├── optimist@0.3.7
420 silly idealTree ├── os-homedir@1.0.1
420 silly idealTree ├── os-tmpdir@1.0.1
420 silly idealTree ├── osenv@0.1.3
420 silly idealTree ├── package-json@1.2.0
420 silly idealTree ├── parse-glob@3.0.4
420 silly idealTree ├── parseurl@1.3.1
420 silly idealTree ├── path-is-absolute@1.0.0
420 silly idealTree ├── path-to-regexp@0.1.7
420 silly idealTree ├── pause-stream@0.0.11
420 silly idealTree ├── pinkie-promise@2.0.1
420 silly idealTree ├── pinkie@2.0.4
420 silly idealTree ├── pkginfo@0.4.0
420 silly idealTree ├── prepend-http@1.0.4
420 silly idealTree ├── preserve@0.2.0
420 silly idealTree ├── process-nextick-args@1.0.7
420 silly idealTree ├── promise@6.1.0
420 silly idealTree ├── prompt@0.2.14
420 silly idealTree ├── proxy-addr@1.1.2
420 silly idealTree ├── ps-tree@1.1.0
420 silly idealTree ├── qs@6.2.0
420 silly idealTree ├── randomatic@1.1.5
420 silly idealTree ├── range-parser@1.2.0
420 silly idealTree ├── raw-body@2.1.7
420 silly idealTree ├─┬ rc@1.1.6
420 silly idealTree │ └── minimist@1.2.0
420 silly idealTree ├─┬ read-all-stream@3.1.0
420 silly idealTree │ ├── isarray@1.0.0
420 silly idealTree │ └── readable-stream@2.1.5
420 silly idealTree ├── read@1.0.7
420 silly idealTree ├── readable-stream@1.1.14
420 silly idealTree ├─┬ readdirp@2.1.0
420 silly idealTree │ ├── graceful-fs@4.1.6
420 silly idealTree │ ├── isarray@1.0.0
420 silly idealTree │ └── readable-stream@2.1.5
420 silly idealTree ├── regex-cache@0.4.3
420 silly idealTree ├── registry-url@3.1.0
420 silly idealTree ├── repeat-element@1.1.2
420 silly idealTree ├── repeat-string@1.5.4
420 silly idealTree ├── repeating@1.1.3
420 silly idealTree ├── revalidator@0.1.8
420 silly idealTree ├─┬ rimraf@2.5.4
420 silly idealTree │ └── glob@7.0.6
420 silly idealTree ├─┬ semver-diff@2.1.0
420 silly idealTree │ └── semver@5.3.0
420 silly idealTree ├── semver@3.0.1
420 silly idealTree ├── send@0.14.1
420 silly idealTree ├── serve-static@1.11.1
420 silly idealTree ├── set-immediate-shim@1.0.1
420 silly idealTree ├── setprototypeof@1.0.1
420 silly idealTree ├── slide@1.1.6
420 silly idealTree ├── source-map@0.1.43
420 silly idealTree ├── split@0.3.3
420 silly idealTree ├── sqlstring@2.0.1
420 silly idealTree ├── stack-trace@0.0.9
420 silly idealTree ├── statuses@1.3.0
420 silly idealTree ├── stream-combiner@0.0.4
420 silly idealTree ├── stream-shift@1.0.0
420 silly idealTree ├── string_decoder@0.10.31
420 silly idealTree ├── string-length@1.0.1
420 silly idealTree ├── strip-ansi@3.0.1
420 silly idealTree ├── strip-json-comments@1.0.4
420 silly idealTree ├── supports-color@2.0.0
420 silly idealTree ├── through@2.3.8
420 silly idealTree ├── timed-out@2.0.0
420 silly idealTree ├── touch@1.0.0
420 silly idealTree ├── type-is@1.6.13
420 silly idealTree ├── uglify-js@2.3.6
420 silly idealTree ├── undefsafe@0.0.3
420 silly idealTree ├── unpipe@1.0.0
420 silly idealTree ├── update-notifier@0.5.0
420 silly idealTree ├── util-deprecate@1.0.2
420 silly idealTree ├── utile@0.2.1
420 silly idealTree ├── utils-merge@1.0.0
420 silly idealTree ├── uuid@2.0.3
420 silly idealTree ├── vary@1.1.0
420 silly idealTree ├─┬ winston@0.8.3
420 silly idealTree │ └── pkginfo@0.3.1
420 silly idealTree ├── wordwrap@0.0.3
420 silly idealTree ├── wrappy@1.0.2
420 silly idealTree ├─┬ write-file-atomic@1.2.0
420 silly idealTree │ └── graceful-fs@4.1.6
420 silly idealTree └── xdg-basedir@2.0.0
421 silly generateActionsToTake Starting
422 silly install generateActionsToTake
423 warn checkPermissions Missing write access to /home/likhona/project/Nelisa/node_modules
424 silly rollbackFailedOptional Starting
425 silly rollbackFailedOptional Finishing
426 silly runTopLevelLifecycles Starting
427 silly runTopLevelLifecycles Finishing
428 silly install printInstalled
429 warn optional Skipping failed optional dependency /chokidar/fsevents:
430 warn notsup Not compatible with your operating system or architecture: fsevents@1.0.14
431 warn codeX_BasicCRUDexample@0.0.0 No description
432 warn codeX_BasicCRUDexample@0.0.0 No repository field.
433 verbose stack Error: EACCES: permission denied, access '/home/likhona/project/Nelisa/node_modules'
433 verbose stack     at Error (native)
434 verbose cwd /home/likhona/project/Nelisa
435 error Linux 4.4.0-21-generic
436 error argv "/usr/bin/nodejs" "/usr/bin/npm" "install" "mocha"
437 error node v4.2.6
438 error npm  v3.5.2
439 error path /home/likhona/project/Nelisa/node_modules
440 error code EACCES
441 error errno -13
442 error syscall access
443 error Error: EACCES: permission denied, access '/home/likhona/project/Nelisa/node_modules'
443 error     at Error (native)
443 error  { [Error: EACCES: permission denied, access '/home/likhona/project/Nelisa/node_modules']
443 error   errno: -13,
443 error   code: 'EACCES',
443 error   syscall: 'access',
443 error   path: '/home/likhona/project/Nelisa/node_modules' }
444 error Please try running this command again as root/Administrator.
445 verbose exit [ -13, true ]
