11:32:36.944 INFO - Launching a standalone Selenium Server
11:32:36.981 INFO - Java: Oracle Corporation 24.121-b00
11:32:36.981 INFO - OS: Linux 4.4.0-47-generic amd64
11:32:36.997 INFO - v2.53.0, with Core v2.53.0. Built from revision 35ae25b
11:32:37.075 INFO - Driver provider org.openqa.selenium.ie.InternetExplorerDriver registration is skipped:
registration capabilities Capabilities [{platform=WINDOWS, ensureCleanSession=true, browserName=internet explorer, version=}] does not match the current platform LINUX
11:32:37.076 INFO - Driver provider org.openqa.selenium.edge.EdgeDriver registration is skipped:
registration capabilities Capabilities [{platform=WINDOWS, browserName=MicrosoftEdge, version=}] does not match the current platform LINUX
11:32:37.076 INFO - Driver class not found: com.opera.core.systems.OperaDriver
11:32:37.076 INFO - Driver provider com.opera.core.systems.OperaDriver is not registered
11:32:37.078 INFO - Driver provider org.openqa.selenium.safari.SafariDriver registration is skipped:
registration capabilities Capabilities [{platform=MAC, browserName=safari, version=}] does not match the current platform LINUX
11:32:37.078 INFO - Driver class not found: org.openqa.selenium.htmlunit.HtmlUnitDriver
11:32:37.079 INFO - Driver provider org.openqa.selenium.htmlunit.HtmlUnitDriver is not registered
11:32:37.147 INFO - RemoteWebDriver instances should connect to: http://127.0.0.1:4444/wd/hub
11:32:37.148 INFO - Selenium Server is up and running
11:32:37.667 INFO - Executing: [new session: Capabilities [{platform=ANY, acceptSslCerts=true, javascriptEnabled=true, browserName=chrome, name=E2e, chromeOptions={args=[Mozilla/5.0 (iPhone; CPU iPhone OS 5_0 like Mac OS X) AppleWebKit/534.46
            (KHTML, like Gecko) Version/5.1 Mobile/9A334 Safari/7534.48.3, --window-size=640,1136]}}]])
11:32:37.681 INFO - Creating a new session for Capabilities [{platform=ANY, acceptSslCerts=true, javascriptEnabled=true, browserName=chrome, name=E2e, chromeOptions={args=[Mozilla/5.0 (iPhone; CPU iPhone OS 5_0 like Mac OS X) AppleWebKit/534.46
            (KHTML, like Gecko) Version/5.1 Mobile/9A334 Safari/7534.48.3, --window-size=640,1136]}}]
Starting ChromeDriver 2.27.440175 (9bc1d90b8bfa4dd181fbbf769a5eb5e575574320) on port 16060
Only local connections are allowed.
11:32:38.761 INFO - Done: [new session: Capabilities [{platform=ANY, acceptSslCerts=true, javascriptEnabled=true, browserName=chrome, name=E2e, chromeOptions={args=[Mozilla/5.0 (iPhone; CPU iPhone OS 5_0 like Mac OS X) AppleWebKit/534.46
            (KHTML, like Gecko) Version/5.1 Mobile/9A334 Safari/7534.48.3, --window-size=640,1136]}}]]
11:32:38.781 INFO - Executing: [get: http://nelisa123.projectcodex.co/login])
11:32:42.930 INFO - Done: [get: http://nelisa123.projectcodex.co/login]
11:32:42.938 INFO - Executing: [get title])
11:32:42.948 INFO - Done: [get title]
11:32:42.956 INFO - Executing: [find element: By.cssSelector: input[type=text]])
11:32:43.005 INFO - Done: [find element: By.cssSelector: input[type=text]]
11:32:43.009 INFO - Executing: [is displayed: 0 [[ChromeDriver: chrome on LINUX (691dbbaa5deb68b3640aef321c1b19fe)] -> css selector: input[type=text]]])
11:32:43.038 INFO - Done: [is displayed: 0 [[ChromeDriver: chrome on LINUX (691dbbaa5deb68b3640aef321c1b19fe)] -> css selector: input[type=text]]]
11:32:43.043 INFO - Executing: [find element: By.cssSelector: input[name=username]])
11:32:43.072 INFO - Done: [find element: By.cssSelector: input[name=username]]
11:32:43.075 INFO - Executing: [is displayed: 0 [[ChromeDriver: chrome on LINUX (691dbbaa5deb68b3640aef321c1b19fe)] -> css selector: input[type=text]]])
11:32:43.086 INFO - Done: [is displayed: 0 [[ChromeDriver: chrome on LINUX (691dbbaa5deb68b3640aef321c1b19fe)] -> css selector: input[type=text]]]
11:32:43.090 INFO - Executing: [find element: By.cssSelector: input[name=password]])
11:32:43.119 INFO - Done: [find element: By.cssSelector: input[name=password]]
11:32:43.123 INFO - Executing: [is displayed: 1 [[ChromeDriver: chrome on LINUX (691dbbaa5deb68b3640aef321c1b19fe)] -> css selector: input[name=password]]])
11:32:43.150 INFO - Done: [is displayed: 1 [[ChromeDriver: chrome on LINUX (691dbbaa5deb68b3640aef321c1b19fe)] -> css selector: input[name=password]]]
11:32:43.154 INFO - Executing: [find element: By.cssSelector: input[type=text]])
11:32:43.166 INFO - Done: [find element: By.cssSelector: input[type=text]]
11:32:43.171 INFO - Executing: [send keys: 0 [[ChromeDriver: chrome on LINUX (691dbbaa5deb68b3640aef321c1b19fe)] -> css selector: input[type=text]], [n, e, l, i, s]])
11:32:43.250 INFO - Done: [send keys: 0 [[ChromeDriver: chrome on LINUX (691dbbaa5deb68b3640aef321c1b19fe)] -> css selector: input[type=text]], [n, e, l, i, s]]
11:32:43.256 INFO - Executing: [find element: By.cssSelector: input[type=password]])
11:32:43.289 INFO - Done: [find element: By.cssSelector: input[type=password]]
11:32:43.297 INFO - Executing: [send keys: 1 [[ChromeDriver: chrome on LINUX (691dbbaa5deb68b3640aef321c1b19fe)] -> css selector: input[name=password]], [p, a, s]])
11:32:43.374 INFO - Done: [send keys: 1 [[ChromeDriver: chrome on LINUX (691dbbaa5deb68b3640aef321c1b19fe)] -> css selector: input[name=password]], [p, a, s]]
11:32:43.386 INFO - Executing: [find elements: By.cssSelector: button[class="btn btn-default-outline waves-effect glyphicon glyphicon-plus-sign"]])
11:32:43.429 INFO - Done: [find elements: By.cssSelector: button[class="btn btn-default-outline waves-effect glyphicon glyphicon-plus-sign"]]
11:32:43.435 INFO - Executing: [is displayed: 2 [[ChromeDriver: chrome on LINUX (691dbbaa5deb68b3640aef321c1b19fe)] -> css selector: button[class="btn btn-default-outline waves-effect glyphicon glyphicon-plus-sign"]]])
11:32:43.472 INFO - Done: [is displayed: 2 [[ChromeDriver: chrome on LINUX (691dbbaa5deb68b3640aef321c1b19fe)] -> css selector: button[class="btn btn-default-outline waves-effect glyphicon glyphicon-plus-sign"]]]
11:32:43.479 INFO - Executing: [find element: By.cssSelector: button[class="btn btn-default-outline waves-effect glyphicon glyphicon-plus-sign"]])
11:32:43.513 INFO - Done: [find element: By.cssSelector: button[class="btn btn-default-outline waves-effect glyphicon glyphicon-plus-sign"]]
11:32:43.521 INFO - Executing: [click: 2 [[ChromeDriver: chrome on LINUX (691dbbaa5deb68b3640aef321c1b19fe)] -> css selector: button[class="btn btn-default-outline waves-effect glyphicon glyphicon-plus-sign"]]])
11:32:46.126 INFO - Done: [click: 2 [[ChromeDriver: chrome on LINUX (691dbbaa5deb68b3640aef321c1b19fe)] -> css selector: button[class="btn btn-default-outline waves-effect glyphicon glyphicon-plus-sign"]]]
11:32:46.133 INFO - Executing: [find elements: By.cssSelector: h4[id="warning"]])
11:32:46.164 INFO - Done: [find elements: By.cssSelector: h4[id="warning"]]
11:32:46.167 INFO - Executing: [is displayed: 3 [[ChromeDriver: chrome on LINUX (691dbbaa5deb68b3640aef321c1b19fe)] -> css selector: h4[id="warning"]]])
11:32:46.195 INFO - Done: [is displayed: 3 [[ChromeDriver: chrome on LINUX (691dbbaa5deb68b3640aef321c1b19fe)] -> css selector: h4[id="warning"]]]
11:32:47.202 INFO - Executing: [delete session: f953a1a1-4e18-4ce6-8faa-322177609c81])
11:32:47.271 INFO - Done: [delete session: f953a1a1-4e18-4ce6-8faa-322177609c81]
11:32:47.283 INFO - Executing: [new session: Capabilities [{platform=ANY, acceptSslCerts=true, javascriptEnabled=true, browserName=chrome, name=E2e, chromeOptions={args=[Mozilla/5.0 (iPhone; CPU iPhone OS 5_0 like Mac OS X) AppleWebKit/534.46
            (KHTML, like Gecko) Version/5.1 Mobile/9A334 Safari/7534.48.3, --window-size=640,1136]}}]])
11:32:47.284 INFO - Creating a new session for Capabilities [{platform=ANY, acceptSslCerts=true, javascriptEnabled=true, browserName=chrome, name=E2e, chromeOptions={args=[Mozilla/5.0 (iPhone; CPU iPhone OS 5_0 like Mac OS X) AppleWebKit/534.46
            (KHTML, like Gecko) Version/5.1 Mobile/9A334 Safari/7534.48.3, --window-size=640,1136]}}]
Starting ChromeDriver 2.27.440175 (9bc1d90b8bfa4dd181fbbf769a5eb5e575574320) on port 17888
Only local connections are allowed.
11:32:47.748 INFO - Done: [new session: Capabilities [{platform=ANY, acceptSslCerts=true, javascriptEnabled=true, browserName=chrome, name=E2e, chromeOptions={args=[Mozilla/5.0 (iPhone; CPU iPhone OS 5_0 like Mac OS X) AppleWebKit/534.46
            (KHTML, like Gecko) Version/5.1 Mobile/9A334 Safari/7534.48.3, --window-size=640,1136]}}]]
11:32:47.756 INFO - Executing: [get: http://nelisa123.projectcodex.co/login])
11:32:52.268 INFO - Done: [get: http://nelisa123.projectcodex.co/login]
11:32:52.281 INFO - Executing: [find element: By.cssSelector: input[type=password]])
11:32:52.314 INFO - Done: [find element: By.cssSelector: input[type=password]]
11:32:52.321 INFO - Executing: [send keys: 0 [[ChromeDriver: chrome on LINUX (8fcc65e49b5556ccaed4951b3e7694a9)] -> css selector: input[type=password]], [p, a, s, s]])
11:32:52.395 INFO - Done: [send keys: 0 [[ChromeDriver: chrome on LINUX (8fcc65e49b5556ccaed4951b3e7694a9)] -> css selector: input[type=password]], [p, a, s, s]]
11:32:52.400 INFO - Executing: [find element: By.cssSelector: button[class="btn btn-default-outline waves-effect glyphicon glyphicon-plus-sign"]])
11:32:52.433 INFO - Done: [find element: By.cssSelector: button[class="btn btn-default-outline waves-effect glyphicon glyphicon-plus-sign"]]
11:32:52.437 INFO - Executing: [click: 1 [[ChromeDriver: chrome on LINUX (8fcc65e49b5556ccaed4951b3e7694a9)] -> css selector: button[class="btn btn-default-outline waves-effect glyphicon glyphicon-plus-sign"]]])
11:32:55.041 INFO - Done: [click: 1 [[ChromeDriver: chrome on LINUX (8fcc65e49b5556ccaed4951b3e7694a9)] -> css selector: button[class="btn btn-default-outline waves-effect glyphicon glyphicon-plus-sign"]]]
11:32:55.049 INFO - Executing: [find elements: By.cssSelector: h4[id="warning"]])
11:32:55.082 INFO - Done: [find elements: By.cssSelector: h4[id="warning"]]
11:32:55.087 INFO - Executing: [is displayed: 2 [[ChromeDriver: chrome on LINUX (8fcc65e49b5556ccaed4951b3e7694a9)] -> css selector: h4[id="warning"]]])
11:32:55.115 INFO - Done: [is displayed: 2 [[ChromeDriver: chrome on LINUX (8fcc65e49b5556ccaed4951b3e7694a9)] -> css selector: h4[id="warning"]]]
11:33:00.127 INFO - Executing: [delete session: 9d3db0a2-3e13-49bd-9c0d-e246c841440a])
11:33:00.196 INFO - Done: [delete session: 9d3db0a2-3e13-49bd-9c0d-e246c841440a]
11:33:00.203 INFO - Executing: [new session: Capabilities [{platform=ANY, acceptSslCerts=true, javascriptEnabled=true, browserName=chrome, name=E2e, chromeOptions={args=[Mozilla/5.0 (iPhone; CPU iPhone OS 5_0 like Mac OS X) AppleWebKit/534.46
            (KHTML, like Gecko) Version/5.1 Mobile/9A334 Safari/7534.48.3, --window-size=640,1136]}}]])
11:33:00.204 INFO - Creating a new session for Capabilities [{platform=ANY, acceptSslCerts=true, javascriptEnabled=true, browserName=chrome, name=E2e, chromeOptions={args=[Mozilla/5.0 (iPhone; CPU iPhone OS 5_0 like Mac OS X) AppleWebKit/534.46
            (KHTML, like Gecko) Version/5.1 Mobile/9A334 Safari/7534.48.3, --window-size=640,1136]}}]
Starting ChromeDriver 2.27.440175 (9bc1d90b8bfa4dd181fbbf769a5eb5e575574320) on port 1053
Only local connections are allowed.
11:33:00.700 INFO - Done: [new session: Capabilities [{platform=ANY, acceptSslCerts=true, javascriptEnabled=true, browserName=chrome, name=E2e, chromeOptions={args=[Mozilla/5.0 (iPhone; CPU iPhone OS 5_0 like Mac OS X) AppleWebKit/534.46
            (KHTML, like Gecko) Version/5.1 Mobile/9A334 Safari/7534.48.3, --window-size=640,1136]}}]]
11:33:00.708 INFO - Executing: [get: http://nelisa123.projectcodex.co/login])
11:33:04.927 INFO - Done: [get: http://nelisa123.projectcodex.co/login]
11:33:04.934 INFO - Executing: [find element: By.cssSelector: input[type=text]])
11:33:04.968 INFO - Done: [find element: By.cssSelector: input[type=text]]
11:33:04.973 INFO - Executing: [send keys: 0 [[ChromeDriver: chrome on LINUX (a63301f3f2ea5e2cf93574eaae721514)] -> css selector: input[type=text]], [n, e, l, i, s, a]])
11:33:05.053 INFO - Done: [send keys: 0 [[ChromeDriver: chrome on LINUX (a63301f3f2ea5e2cf93574eaae721514)] -> css selector: input[type=text]], [n, e, l, i, s, a]]
11:33:05.060 INFO - Executing: [find element: By.cssSelector: button[class="btn btn-default-outline waves-effect glyphicon glyphicon-plus-sign"]])
11:33:05.094 INFO - Done: [find element: By.cssSelector: button[class="btn btn-default-outline waves-effect glyphicon glyphicon-plus-sign"]]
11:33:05.099 INFO - Executing: [click: 1 [[ChromeDriver: chrome on LINUX (a63301f3f2ea5e2cf93574eaae721514)] -> css selector: button[class="btn btn-default-outline waves-effect glyphicon glyphicon-plus-sign"]]])
11:33:07.671 INFO - Done: [click: 1 [[ChromeDriver: chrome on LINUX (a63301f3f2ea5e2cf93574eaae721514)] -> css selector: button[class="btn btn-default-outline waves-effect glyphicon glyphicon-plus-sign"]]]
11:33:07.678 INFO - Executing: [find elements: By.cssSelector: h4[id="warning"]])
11:33:07.708 INFO - Done: [find elements: By.cssSelector: h4[id="warning"]]
11:33:07.713 INFO - Executing: [is displayed: 2 [[ChromeDriver: chrome on LINUX (a63301f3f2ea5e2cf93574eaae721514)] -> css selector: h4[id="warning"]]])
11:33:07.739 INFO - Done: [is displayed: 2 [[ChromeDriver: chrome on LINUX (a63301f3f2ea5e2cf93574eaae721514)] -> css selector: h4[id="warning"]]]
11:33:08.243 INFO - Executing: [is displayed: 2 [[ChromeDriver: chrome on LINUX (a63301f3f2ea5e2cf93574eaae721514)] -> css selector: h4[id="warning"]]])
11:33:08.262 INFO - Done: [is displayed: 2 [[ChromeDriver: chrome on LINUX (a63301f3f2ea5e2cf93574eaae721514)] -> css selector: h4[id="warning"]]]
11:33:08.767 INFO - Executing: [is displayed: 2 [[ChromeDriver: chrome on LINUX (a63301f3f2ea5e2cf93574eaae721514)] -> css selector: h4[id="warning"]]])
11:33:08.779 INFO - Done: [is displayed: 2 [[ChromeDriver: chrome on LINUX (a63301f3f2ea5e2cf93574eaae721514)] -> css selector: h4[id="warning"]]]
11:33:08.784 INFO - Executing: [delete session: 72facd23-497e-4e6d-be05-511096a5d470])
11:33:08.854 INFO - Done: [delete session: 72facd23-497e-4e6d-be05-511096a5d470]
